Copyright 1986-2016 Xilinx, Inc. All Rights Reserved.
------------------------------------------------------------------------------------
| Tool Version : Vivado v.2016.4 (lin64) Build 1733598 Wed Dec 14 22:35:42 MST 2016
| Date         : Thu Mar 14 17:46:40 2019
| Host         : redrealm.cse.psu.edu running 64-bit unknown
| Command      : upgrade_ip
| Device       : xcku115-flva1517-3-e
------------------------------------------------------------------------------------

Upgrade Log for IP 'prefetch_buffer_fifo'

1. Summary
----------

SUCCESS in the upgrade of prefetch_buffer_fifo (xilinx.com:ip:fifo_generator:13.1) to (Rev. 3)






Copyright 1986-2016 Xilinx, Inc. All Rights Reserved.
------------------------------------------------------------------------------------
| Tool Version : Vivado v.2016.4 (win64) Build 1756540 Mon Jan 23 19:11:23 MST 2017
| Date         : Wed May 02 14:14:23 2018
| Host         : DESKTOP-TGALTA9 running 64-bit major release  (build 9200)
| Command      : upgrade_ip
| Device       : xcku115-flva1517-3-e
------------------------------------------------------------------------------------

Upgrade Log for IP 'pixel_sequence_data_bram'

1. Summary
----------

SUCCESS in the upgrade of pixel_sequence_data_bram (xilinx.com:ip:blk_mem_gen:8.3) from (Rev. 2) to (Rev. 5)

