QuestaSim-64 vopt 2019.4_2 Compiler 2019.12 Dec  7 2019
Start time: 15:20:53 on Feb 19,2020
vopt "+acc=npr" -L microblaze_v11_0_0 -L xil_defaultlib -L lib_cdc_v1_0_2 -L proc_sys_reset_v5_0_13 -L lmb_v10_v3_0_9 -L lmb_bram_if_cntlr_v4_0_15 -L blk_mem_gen_v8_4_2 -L iomodule_v3_1_4 -L unisims_ver -L unimacro_ver -L secureip -L xpm -work xil_defaultlib xil_defaultlib.sim_tb_top xil_defaultlib.glbl -o sim_tb_top_opt 

Top level modules:
	sim_tb_top
	glbl

Analyzing design...
-- Loading module sim_tb_top
-- Importing package arch_package
-- Loading module example_top
-- Loading module ddr4_0
-- Loading module ddr4_0_ddr4
-- Loading module ddr4_v2_2_6_infrastructure
-- Loading module unisims_ver.BUFG
-- Loading module ddr4_0_ddr4_mem_intfc
-- Loading module ddr4_0_phy
-- Loading module ddr4_0_phy_ddr4
-- Loading module unisims_ver.OBUF
-- Loading module ddr4_phy_v2_2_0_pll
-- Loading module ddr4_phy_v2_2_0_iob
-- Loading module ddr4_v2_2_6_mc
-- Loading module ddr4_v2_2_6_mc_act_timer
-- Loading module ddr4_v2_2_6_mc_arb_a
-- Loading module ddr4_v2_2_6_mc_rd_wr
-- Loading module ddr4_v2_2_6_mc_arb_c
-- Loading module ddr4_v2_2_6_mc_arb_mux_p
-- Loading module ddr4_v2_2_6_mc_arb_p
-- Loading module ddr4_v2_2_6_mc_cmd_mux_ap
-- Loading module ddr4_v2_2_6_mc_ctl
-- Loading module ddr4_v2_2_6_cal_mc_odt
-- Loading module ddr4_v2_2_6_mc_cmd_mux_c
-- Loading module ddr4_v2_2_6_mc_ref
-- Loading module ddr4_v2_2_6_mc_periodic
-- Loading module ddr4_v2_2_6_mc_ecc
-- Loading module ddr4_v2_2_6_ui
-- Loading module ddr4_v2_2_6_ui_cmd
-- Loading module ddr4_v2_2_6_ui_wr_data
-- Loading module ddr4_v2_2_6_ui_rd_data
-- Loading module ddr4_v2_2_6_cal_top
-- Loading module ddr4_v2_2_6_cal
-- Loading module ddr4_v2_2_6_cal_debug_microblaze
-- Loading module ddr4_v2_2_6_cal_addr_decode
-- Loading module ddr4_v2_2_6_cal_cplx
-- Loading module ddr4_v2_2_6_cal_cplx_data
-- Loading module ddr4_v2_2_6_cal_config_rom
-- Loading module ddr4_v2_2_6_chipscope_xsdb_slave
-- Loading module ddr4_v2_2_6_cal_xsdb_arbiter
-- Loading module ddr4_v2_2_6_cal_sync
-- Loading module ddr4_v2_2_6_cal_xsdb_bram
-- Loading module ddr4_v2_2_6_cfg_mem_mod
-- Loading module ddr4_v2_2_6_cal_pi
-- Loading module ddr4_v2_2_6_cal_read
-- Loading module ddr4_v2_2_6_cal_write
-- Loading module ddr4_0_ddr4_cal_riu
-- Loading module ddr4_0_microblaze_mcs
-- Loading module microblaze_mcs
-- Loading module unisims_ver.VCC
-- Loading module unisims_ver.GND
-- Loading module unisims_ver.FDR
-- Loading module unisims_ver.FDRE
-- Loading module unisims_ver.FDS
-- Loading module unisims_ver.FDSE
-- Loading module unisims_ver.FD
-- Loading module unisims_ver.RAM32X1D
-- Loading module unisims_ver.FDE
-- Loading module unisims_ver.LUT6_2
-- Loading module unisims_ver.MUXCY_L
-- Loading module unisims_ver.MUXCY
-- Loading module unisims_ver.XORCY
-- Loading module unisims_ver.MULT_AND
-- Loading module unisims_ver.LUT2
-- Loading UDP unisims_ver.x_lut2_mux4
-- Loading module unisims_ver.LUT3
-- Loading UDP unisims_ver.x_lut3_mux8
-- Loading module unisims_ver.LUT4
-- Loading module unisims_ver.LUT6
-- Loading module unisims_ver.MUXF5
-- Loading module unisims_ver.SRL16E
-- Loading module unisims_ver.LUT5
-- Loading module unisims_ver.LUT1
-- Loading UDP unisims_ver.x_lut1_mux2
-- Loading module unisims_ver.MUXF7
-- Loading module unisims_ver.INV
-- Loading module unisims_ver.RAMB36
-- Loading module unisims_ver.RAMB36E1
-- Loading module ddr4_v2_2_6_axi
-- Loading module ddr4_v2_2_6_axi_register_slice
-- Loading module ddr4_v2_2_6_axic_register_slice
-- Loading module ddr4_v2_2_6_axi_aw_channel
-- Loading module ddr4_v2_2_6_axi_cmd_translator
-- Loading module ddr4_v2_2_6_axi_incr_cmd
-- Loading module ddr4_v2_2_6_axi_wrap_cmd
-- Loading module ddr4_v2_2_6_axi_wr_cmd_fsm
-- Loading module ddr4_v2_2_6_axi_w_channel
-- Loading module ddr4_v2_2_6_axi_b_channel
-- Loading module ddr4_v2_2_6_axi_fifo
-- Loading module ddr4_v2_2_6_axi_ar_channel
-- Loading module ddr4_v2_2_6_axi_cmd_fsm
-- Loading module ddr4_v2_2_6_axi_r_channel
-- Loading module ddr4_v2_2_6_axi_cmd_arbiter
-- Loading module ddr4_v2_2_6_axi_tg_top
-- Loading module ddr4_v2_2_6_boot_mode_gen
-- Loading module ddr4_v2_2_6_prbs_mode_gen
-- Loading module ddr4_v2_2_6_custom_mode_gen
-- Loading module ddr4_v2_2_6_axi_opcode_gen
-- Loading module ddr4_v2_2_6_axi_wrapper
-- Loading module ddr4_v2_2_6_data_gen
-- Loading module ddr4_v2_2_6_data_chk
-- Loading module glbl
-- Loading module unisims_ver.MMCME4_ADV
-- Loading module unisims_ver.IBUFDS
-- Loading module unisims_ver.PLLE4_ADV
-- Loading module ddr4_phy_v2_2_0_iob_byte
-- Loading module ddr4_phy_v2_2_0_xiphy_behav
-- Loading module ddr4_v2_2_6_mc_act_rank
-- Loading module ddr4_v2_2_6_mc_wtr
-- Loading module ddr4_v2_2_6_mc_group
-- Loading module unisims_ver.RAM32M
-- Loading module ddr4_v2_2_6_bram_tdp
-- Loading module ddr4_v2_2_6_cal_wr_byte
-- Loading module ddr4_v2_2_6_cal_wr_bit
-- Loading module ddr4_v2_2_6_cal_rd_en
-- Loading module unisims_ver.RB36_INTERNAL_VLOG
-- Loading module prbs_data_gen
-- Loading interface DDR4_if
-- Importing package proj_package
-- Loading module unisims_ver.OBUFDS
-- Loading module unisims_ver.HPIO_VREF
-- Loading module unisims_ver.IOBUFE3
-- Loading module unisims_ver.IOBUFDS
-- Loading module ddr4_phy_v2_2_0_bitslice_behav
-- Loading module ddr4_phy_v2_2_0_fifo_sv
Optimizing 274 design-units (inlining 0/663 module instances, 0/1345 cell instances, 151/151 UDP instances):
-- Optimizing package arch_package(fast)
-- Optimizing package proj_package(fast)
-- Inlining UDP unisims_ver.x_lut3_mux8
-- Optimizing module unisims_ver.LUT3(fast__4)
-- Optimizing module unisims_ver.LUT3(fast__5)
-- Optimizing module unisims_ver.LUT3(fast__6)
-- Optimizing module unisims_ver.LUT3(fast__7)
-- Optimizing module unisims_ver.LUT3(fast__8)
-- Optimizing module unisims_ver.LUT3(fast__9)
-- Optimizing module unisims_ver.LUT3(fast__10)
-- Optimizing module unisims_ver.LUT3(fast__11)
-- Optimizing module unisims_ver.LUT3(fast__12)
-- Optimizing module unisims_ver.LUT3(fast__13)
-- Optimizing module unisims_ver.LUT3(fast__14)
-- Optimizing module unisims_ver.LUT3(fast__15)
-- Optimizing module unisims_ver.LUT3(fast__16)
-- Optimizing module glbl(fast)
-- Optimizing module ddr4_0_microblaze_mcs(fast)
-- Optimizing module ddr4_v2_2_6_axi_b_channel(fast)
-- Optimizing module ddr4_v2_2_6_cal_wr_bit(fast)
-- Optimizing module ddr4_v2_2_6_axi_wr_cmd_fsm(fast)
-- Inlining UDP unisims_ver.x_lut2_mux4
-- Optimizing module unisims_ver.LUT2(fast)
-- Optimizing module unisims_ver.LUT2(fast__1)
-- Optimizing module unisims_ver.LUT2(fast__2)
-- Optimizing module unisims_ver.LUT2(fast__3)
-- Optimizing module unisims_ver.LUT2(fast__4)
-- Optimizing module unisims_ver.LUT2(fast__5)
-- Optimizing module unisims_ver.LUT2(fast__6)
-- Optimizing module unisims_ver.LUT2(fast__7)
-- Optimizing module ddr4_v2_2_6_axi_cmd_fsm(fast)
-- Optimizing interface DDR4_if(fast)
-- Optimizing module unisims_ver.OBUFDS(fast)
-- Inlining UDP unisims_ver.x_lut1_mux2
-- Optimizing module unisims_ver.LUT1(fast)
-- Optimizing module unisims_ver.OBUF(fast)
-- Optimizing module unisims_ver.MUXCY(fast)
-- Optimizing module unisims_ver.MUXF7(fast)
-- Optimizing module unisims_ver.FD(fast)
-- Optimizing module unisims_ver.FD(fast__1)
-- Optimizing module unisims_ver.FDR(fast)
-- Optimizing module unisims_ver.FDS(fast)
-- Optimizing module unisims_ver.FDE(fast)
-- Optimizing module unisims_ver.BUFG(fast)
-- Optimizing module unisims_ver.MUXCY_L(fast)
-- Optimizing module unisims_ver.MUXF5(fast)
-- Optimizing module unisims_ver.XORCY(fast)
-- Optimizing module unisims_ver.MULT_AND(fast)
-- Optimizing module unisims_ver.INV(fast)
-- Optimizing module unisims_ver.VCC(fast)
-- Optimizing module unisims_ver.GND(fast)
-- Optimizing interface DDR4_if(fast)
-- Optimizing module ddr4_v2_2_6_mc_wtr(fast)
-- Optimizing module unisims_ver.LUT4(fast)
-- Optimizing module unisims_ver.LUT4(fast__1)
-- Optimizing module unisims_ver.LUT4(fast__2)
-- Optimizing module unisims_ver.LUT4(fast__3)
-- Optimizing module unisims_ver.LUT4(fast__4)
-- Optimizing module unisims_ver.LUT4(fast__5)
-- Optimizing module unisims_ver.LUT4(fast__6)
-- Optimizing module unisims_ver.LUT4(fast__7)
-- Optimizing module unisims_ver.LUT4(fast__8)
-- Optimizing module unisims_ver.LUT4(fast__9)
-- Optimizing module unisims_ver.LUT4(fast__10)
-- Optimizing module unisims_ver.LUT4(fast__11)
-- Optimizing module unisims_ver.LUT4(fast__12)
-- Optimizing module unisims_ver.LUT4(fast__13)
-- Optimizing module unisims_ver.LUT4(fast__14)
-- Optimizing module unisims_ver.LUT4(fast__15)
-- Optimizing module unisims_ver.LUT4(fast__16)
-- Optimizing module unisims_ver.LUT4(fast__17)
-- Optimizing module unisims_ver.LUT4(fast__18)
-- Optimizing module unisims_ver.LUT4(fast__19)
-- Optimizing module unisims_ver.LUT4(fast__20)
-- Optimizing module unisims_ver.LUT4(fast__21)
-- Optimizing module unisims_ver.LUT4(fast__22)
-- Optimizing module unisims_ver.LUT4(fast__23)
-- Optimizing module unisims_ver.LUT4(fast__24)
-- Optimizing module unisims_ver.LUT4(fast__25)
-- Optimizing module unisims_ver.LUT4(fast__26)
-- Optimizing module unisims_ver.LUT4(fast__27)
-- Optimizing module ddr4_v2_2_6_axi_aw_channel(fast)
-- Optimizing module ddr4_v2_2_6_axi_fifo(fast)
-- Optimizing module ddr4_v2_2_6_axi_ar_channel(fast)
-- Optimizing module ddr4_v2_2_6_axi_fifo(fast__1)
-- Optimizing module ddr4_v2_2_6_axi_fifo(fast__2)
-- Optimizing module prbs_data_gen(fast)
-- Optimizing module ddr4_0(fast)
-- Optimizing module ddr4_v2_2_6_axi_cmd_translator(fast)
-- Optimizing module ddr4_v2_2_6_axi_cmd_translator(fast__1)
-- Optimizing module ddr4_v2_2_6_bram_tdp(fast)
-- Optimizing module ddr4_v2_2_6_mc_arb_p(fast)
-- Optimizing module unisims_ver.IOBUFDS(fast)
-- Optimizing module unisims_ver.IBUFDS(fast)
-- Optimizing module ddr4_v2_2_6_cal_wr_byte(fast)
-- Optimizing module ddr4_phy_v2_2_0_fifo_sv(fast)
-- Optimizing module unisims_ver.FDRE(fast)
-- Optimizing module unisims_ver.FDSE(fast)
-- Optimizing module unisims_ver.FDRE(fast__1)
-- Optimizing module unisims_ver.FDSE(fast__1)
-- Optimizing module unisims_ver.SRL16E(fast)
-- Optimizing module unisims_ver.HPIO_VREF(fast)
-- Optimizing module unisims_ver.RAM32X1D(fast)
-- Optimizing module ddr4_v2_2_6_cal_sync(fast)
-- Optimizing module ddr4_v2_2_6_cal_sync(fast__3)
-- Optimizing module ddr4_v2_2_6_cal_sync(fast__5)
-- Optimizing module ddr4_v2_2_6_cal_sync(fast__7)
-- Optimizing module ddr4_v2_2_6_cal_sync(fast__10)
-- Inlining UDP unisims_ver.x_lut3_mux8
-- Optimizing module unisims_ver.LUT3(fast)
-- Optimizing module unisims_ver.LUT3(fast__1)
-- Optimizing module unisims_ver.LUT3(fast__2)
-- Optimizing module unisims_ver.LUT3(fast__3)
-- Optimizing module unisims_ver.LUT6(fast__10)
-- Optimizing module unisims_ver.LUT6(fast__11)
-- Optimizing module unisims_ver.LUT6(fast__12)
-- Optimizing module unisims_ver.LUT6(fast__13)
-- Optimizing module unisims_ver.LUT6(fast__14)
-- Optimizing module unisims_ver.LUT6(fast__15)
-- Optimizing module unisims_ver.LUT6(fast__16)
-- Optimizing module unisims_ver.LUT6(fast__17)
-- Optimizing module unisims_ver.LUT6(fast__18)
-- Optimizing module unisims_ver.LUT6(fast__19)
-- Optimizing module unisims_ver.LUT6(fast__20)
-- Optimizing module unisims_ver.LUT6(fast__21)
-- Optimizing module unisims_ver.LUT6(fast__22)
-- Optimizing module unisims_ver.LUT6(fast__23)
-- Optimizing module unisims_ver.LUT6(fast__24)
-- Optimizing module unisims_ver.LUT6(fast__25)
-- Optimizing module unisims_ver.LUT6(fast__26)
-- Optimizing module unisims_ver.LUT6(fast__27)
-- Optimizing module unisims_ver.LUT6(fast__28)
-- Optimizing module unisims_ver.LUT6(fast__29)
-- Optimizing module unisims_ver.LUT6(fast__30)
-- Optimizing module unisims_ver.LUT6(fast__31)
-- Optimizing module ddr4_v2_2_6_ui(fast)
-- Optimizing module ddr4_v2_2_6_cal_xsdb_arbiter(fast)
-- Optimizing module ddr4_phy_v2_2_0_iob_byte(fast)
-- Optimizing module ddr4_phy_v2_2_0_iob_byte(fast__1)
-- Optimizing module ddr4_phy_v2_2_0_iob_byte(fast__2)
-- Optimizing module ddr4_phy_v2_2_0_iob_byte(fast__3)
-- Optimizing module ddr4_v2_2_6_cal_rd_en(fast)
-- Optimizing module unisims_ver.RAMB36(fast)
-- Optimizing module ddr4_0_ddr4_cal_riu(fast)
-- Optimizing module ddr4_v2_2_6_axi_r_channel(fast)
-- Optimizing module ddr4_v2_2_6_mc_act_timer(fast)
-- Optimizing module example_top(fast)
-- Optimizing module unisims_ver.IOBUFE3(fast)
-- Optimizing module ddr4_v2_2_6_cal_config_rom(fast)
-- Optimizing module ddr4_v2_2_6_axi_w_channel(fast)
-- Optimizing module ddr4_v2_2_6_custom_mode_gen(fast)
-- Optimizing module ddr4_v2_2_6_chipscope_xsdb_slave(fast)
-- Optimizing module ddr4_0_phy(fast)
-- Optimizing module ddr4_v2_2_6_cal_read(fast)
-- Optimizing module ddr4_v2_2_6_cfg_mem_mod(fast)
-- Optimizing module ddr4_v2_2_6_cal_mc_odt(fast)
-- Optimizing module ddr4_v2_2_6_cal_mc_odt(fast__1)
-- Optimizing module ddr4_phy_v2_2_0_iob(fast)
-- Optimizing module ddr4_v2_2_6_mc_cmd_mux_ap(fast)
-- Optimizing module ddr4_phy_v2_2_0_pll(fast)
-- Optimizing module ddr4_v2_2_6_mc_arb_a(fast)
-- Optimizing module ddr4_v2_2_6_axi_wrap_cmd(fast)
-- Optimizing module ddr4_v2_2_6_axi_wrap_cmd(fast__1)
-- Optimizing module unisims_ver.RAM32M(fast)
-- Optimizing module ddr4_v2_2_6_axi_incr_cmd(fast)
-- Optimizing module ddr4_v2_2_6_axi_incr_cmd(fast__1)
-- Optimizing module unisims_ver.RB36_INTERNAL_VLOG(fast)
-- Optimizing module unisims_ver.MMCME4_ADV(fast)
-- Optimizing module unisims_ver.LUT5(fast)
-- Optimizing module unisims_ver.LUT6_2(fast__5)
-- Optimizing module unisims_ver.LUT6_2(fast__6)
-- Optimizing module unisims_ver.LUT6_2(fast__7)
-- Optimizing module unisims_ver.LUT6_2(fast__8)
-- Optimizing module unisims_ver.LUT6_2(fast__9)
-- Optimizing module ddr4_v2_2_6_cal_sync(fast__2)
-- Optimizing module ddr4_v2_2_6_cal_sync(fast__4)
-- Optimizing module ddr4_v2_2_6_mc_periodic(fast)
-- Optimizing module ddr4_v2_2_6_prbs_mode_gen(fast)
-- Optimizing module unisims_ver.LUT5(fast__1)
-- Optimizing module unisims_ver.LUT5(fast__2)
-- Optimizing module unisims_ver.LUT5(fast__3)
-- Optimizing module unisims_ver.LUT5(fast__4)
-- Optimizing module unisims_ver.LUT5(fast__5)
-- Optimizing module unisims_ver.LUT5(fast__6)
-- Optimizing module unisims_ver.LUT5(fast__7)
-- Optimizing module unisims_ver.LUT5(fast__8)
-- Optimizing module unisims_ver.LUT5(fast__9)
-- Optimizing module unisims_ver.LUT5(fast__10)
-- Optimizing module unisims_ver.LUT5(fast__11)
-- Optimizing module unisims_ver.LUT5(fast__12)
-- Optimizing module unisims_ver.LUT5(fast__13)
-- Optimizing module unisims_ver.LUT5(fast__14)
-- Optimizing module unisims_ver.LUT5(fast__15)
-- Optimizing module unisims_ver.LUT5(fast__16)
-- Optimizing module unisims_ver.LUT5(fast__17)
-- Optimizing module unisims_ver.LUT5(fast__18)
-- Optimizing module unisims_ver.LUT5(fast__19)
-- Optimizing module unisims_ver.LUT5(fast__20)
-- Optimizing module unisims_ver.LUT5(fast__21)
-- Optimizing module unisims_ver.LUT5(fast__22)
-- Optimizing module unisims_ver.LUT5(fast__23)
-- Optimizing module unisims_ver.LUT5(fast__24)
-- Optimizing module unisims_ver.LUT5(fast__25)
-- Optimizing module unisims_ver.LUT5(fast__26)
-- Optimizing module unisims_ver.LUT5(fast__27)
-- Optimizing module unisims_ver.LUT5(fast__28)
-- Optimizing module ddr4_v2_2_6_mc_cmd_mux_c(fast)
-- Optimizing module ddr4_v2_2_6_cal_pi(fast)
-- Optimizing module ddr4_v2_2_6_axi_cmd_arbiter(fast)
-- Optimizing module unisims_ver.LUT6(fast)
-- Optimizing module unisims_ver.LUT6(fast__1)
-- Optimizing module unisims_ver.LUT6(fast__2)
-- Optimizing module unisims_ver.LUT6(fast__3)
-- Optimizing module unisims_ver.LUT6(fast__4)
-- Optimizing module unisims_ver.LUT6(fast__5)
-- Optimizing module unisims_ver.LUT6(fast__6)
-- Optimizing module unisims_ver.LUT6(fast__7)
-- Optimizing module unisims_ver.LUT6(fast__8)
-- Optimizing module unisims_ver.LUT6(fast__9)
-- Optimizing module ddr4_v2_2_6_mc(fast)
-- Optimizing module ddr4_v2_2_6_mc_ref(fast)
-- Optimizing module ddr4_v2_2_6_cal_sync(fast__6)
-- Optimizing module ddr4_v2_2_6_cal_sync(fast__9)
-- Optimizing module ddr4_v2_2_6_data_chk(fast)
-- Optimizing module ddr4_v2_2_6_mc_ctl(fast)
-- Optimizing module ddr4_v2_2_6_cal_cplx(fast)
-- Optimizing module ddr4_v2_2_6_ui_wr_data(fast)
-- Optimizing module ddr4_v2_2_6_cal_sync(fast__8)
-- Optimizing module ddr4_v2_2_6_axi_opcode_gen(fast)
-- Optimizing module ddr4_v2_2_6_cal_cplx_data(fast)
-- Optimizing module ddr4_v2_2_6_axi_tg_top(fast)
-- Optimizing module ddr4_v2_2_6_axi(fast)
-- Optimizing module ddr4_v2_2_6_cal_sync(fast__1)
-- Optimizing module ddr4_v2_2_6_axi_register_slice(fast)
-- Optimizing module ddr4_v2_2_6_axi_wrapper(fast)
-- Optimizing module ddr4_v2_2_6_data_gen(fast)
-- Optimizing module sim_tb_top(fast)
-- Optimizing module ddr4_0_ddr4(fast)
-- Optimizing module ddr4_v2_2_6_cal_xsdb_bram(fast)
-- Optimizing module ddr4_v2_2_6_boot_mode_gen(fast)
-- Optimizing module ddr4_v2_2_6_mc_arb_c(fast)
-- Optimizing module ddr4_v2_2_6_mc_ecc(fast)
-- Optimizing module ddr4_v2_2_6_mc_act_rank(fast)
-- Optimizing module ddr4_v2_2_6_mc_arb_mux_p(fast)
-- Optimizing module ddr4_v2_2_6_cal_write(fast)
-- Optimizing module ddr4_phy_v2_2_0_bitslice_behav(fast)
-- Optimizing module ddr4_phy_v2_2_0_bitslice_behav(fast__1)
-- Optimizing module ddr4_v2_2_6_axic_register_slice(fast)
-- Optimizing module ddr4_v2_2_6_axic_register_slice(fast__1)
-- Optimizing module ddr4_v2_2_6_axic_register_slice(fast__2)
-- Optimizing module ddr4_v2_2_6_axic_register_slice(fast__3)
-- Optimizing module ddr4_v2_2_6_infrastructure(fast)
-- Optimizing module ddr4_v2_2_6_mc_rd_wr(fast)
-- Optimizing module unisims_ver.LUT6_2(fast)
-- Optimizing module unisims_ver.LUT6_2(fast__1)
-- Optimizing module unisims_ver.LUT6_2(fast__2)
-- Optimizing module unisims_ver.LUT6_2(fast__3)
-- Optimizing module unisims_ver.LUT6_2(fast__4)
-- Optimizing module microblaze_mcs(fast)
-- Optimizing module ddr4_0_ddr4_mem_intfc(fast)
-- Optimizing module ddr4_v2_2_6_ui_rd_data(fast)
-- Optimizing module ddr4_v2_2_6_cal_addr_decode(fast)
-- Optimizing module ddr4_v2_2_6_cal_top(fast)
-- Optimizing module ddr4_v2_2_6_cal(fast)
-- Optimizing module unisims_ver.PLLE4_ADV(fast)
-- Optimizing module ddr4_v2_2_6_cal_debug_microblaze(fast)
-- Optimizing module ddr4_0_phy_ddr4(fast)
-- Optimizing module ddr4_v2_2_6_mc_group(fast)
-- Optimizing module ddr4_v2_2_6_ui_cmd(fast)
-- Optimizing module ddr4_phy_v2_2_0_xiphy_behav(fast)
-- Optimizing module unisims_ver.RAMB36E1(fast)
Optimized design name is sim_tb_top_opt
End time: 15:20:59 on Feb 19,2020, Elapsed time: 0:00:06
Errors: 0, Warnings: 0
