
*** Running vivado
    with args -log prefetch_buffer_fifo.vds -m64 -product Vivado -mode batch -messageDb vivado.pb -notrace -source prefetch_buffer_fifo.tcl


****** Vivado v2016.4 (64-bit)
  **** SW Build 1733598 on Wed Dec 14 22:35:42 MST 2016
  **** IP Build 1731160 on Wed Dec 14 23:47:21 MST 2016
    ** Copyright 1986-2016 Xilinx, Inc. All Rights Reserved.

source prefetch_buffer_fifo.tcl -notrace
Starting RTL Elaboration : Time (s): cpu = 00:00:12 ; elapsed = 00:00:16 . Memory (MB): peak = 1320.969 ; gain = 298.133 ; free physical = 37283 ; free virtual = 89942
INFO: [Synth 8-638] synthesizing module 'prefetch_buffer_fifo' [/home/mdl/izo5011/IkennaWorkSpace/cnn_layer_accel/hardware/ip/xcku115/prefetch_buffer_fifo/synth/prefetch_buffer_fifo.vhd:72]
INFO: [Synth 8-256] done synthesizing module 'prefetch_buffer_fifo' (27#1) [/home/mdl/izo5011/IkennaWorkSpace/cnn_layer_accel/hardware/ip/xcku115/prefetch_buffer_fifo/synth/prefetch_buffer_fifo.vhd:72]
Finished RTL Elaboration : Time (s): cpu = 00:01:03 ; elapsed = 00:01:08 . Memory (MB): peak = 1533.816 ; gain = 510.980 ; free physical = 37067 ; free virtual = 89730
Finished RTL Optimization Phase 1 : Time (s): cpu = 00:01:03 ; elapsed = 00:01:09 . Memory (MB): peak = 1533.816 ; gain = 510.980 ; free physical = 37066 ; free virtual = 89729
INFO: [Device 21-403] Loading part xcku115-flva1517-3-e
Constraint Validation Runtime : Time (s): cpu = 00:00:00.01 ; elapsed = 00:00:00.04 . Memory (MB): peak = 1999.637 ; gain = 0.008 ; free physical = 36414 ; free virtual = 89348
Finished Constraint Validation : Time (s): cpu = 00:01:23 ; elapsed = 00:01:52 . Memory (MB): peak = 1999.637 ; gain = 976.801 ; free physical = 36399 ; free virtual = 89348
Finished Loading Part and Timing Information : Time (s): cpu = 00:01:23 ; elapsed = 00:01:52 . Memory (MB): peak = 1999.637 ; gain = 976.801 ; free physical = 36398 ; free virtual = 89349
Finished applying 'set_property' XDC Constraints : Time (s): cpu = 00:01:23 ; elapsed = 00:01:52 . Memory (MB): peak = 1999.637 ; gain = 976.801 ; free physical = 36398 ; free virtual = 89349
Finished RTL Optimization Phase 2 : Time (s): cpu = 00:01:23 ; elapsed = 00:01:52 . Memory (MB): peak = 1999.637 ; gain = 976.801 ; free physical = 36395 ; free virtual = 89349
Finished Cross Boundary and Area Optimization : Time (s): cpu = 00:01:24 ; elapsed = 00:01:53 . Memory (MB): peak = 1999.637 ; gain = 976.801 ; free physical = 36372 ; free virtual = 89330
Finished Applying XDC Timing Constraints : Time (s): cpu = 00:01:35 ; elapsed = 00:02:09 . Memory (MB): peak = 2144.145 ; gain = 1121.309 ; free physical = 36101 ; free virtual = 89124
Finished Timing Optimization : Time (s): cpu = 00:01:35 ; elapsed = 00:02:09 . Memory (MB): peak = 2155.160 ; gain = 1132.324 ; free physical = 36092 ; free virtual = 89115
Finished Technology Mapping : Time (s): cpu = 00:01:35 ; elapsed = 00:02:09 . Memory (MB): peak = 2165.184 ; gain = 1142.348 ; free physical = 36080 ; free virtual = 89104
Finished IO Insertion : Time (s): cpu = 00:01:36 ; elapsed = 00:02:10 . Memory (MB): peak = 2165.188 ; gain = 1142.352 ; free physical = 36079 ; free virtual = 89103
Finished Renaming Generated Instances : Time (s): cpu = 00:01:36 ; elapsed = 00:02:10 . Memory (MB): peak = 2165.188 ; gain = 1142.352 ; free physical = 36079 ; free virtual = 89103
Finished Rebuilding User Hierarchy : Time (s): cpu = 00:01:36 ; elapsed = 00:02:10 . Memory (MB): peak = 2165.188 ; gain = 1142.352 ; free physical = 36079 ; free virtual = 89103
Finished Renaming Generated Ports : Time (s): cpu = 00:01:36 ; elapsed = 00:02:10 . Memory (MB): peak = 2165.188 ; gain = 1142.352 ; free physical = 36079 ; free virtual = 89103
Finished Handling Custom Attributes : Time (s): cpu = 00:01:36 ; elapsed = 00:02:10 . Memory (MB): peak = 2165.188 ; gain = 1142.352 ; free physical = 36078 ; free virtual = 89103
Finished Renaming Generated Nets : Time (s): cpu = 00:01:36 ; elapsed = 00:02:10 . Memory (MB): peak = 2165.188 ; gain = 1142.352 ; free physical = 36078 ; free virtual = 89103

Report Cell Usage: 
+------+---------+------+
|      |Cell     |Count |
+------+---------+------+
|1     |LUT1     |     2|
|2     |LUT2     |    30|
|3     |LUT3     |     7|
|4     |LUT4     |    30|
|5     |LUT5     |     7|
|6     |LUT6     |    11|
|7     |MUXCY    |    20|
|8     |RAMB18E2 |     1|
|9     |FDRE     |   127|
|10    |FDSE     |     2|
+------+---------+------+
Finished Writing Synthesis Report : Time (s): cpu = 00:01:36 ; elapsed = 00:02:10 . Memory (MB): peak = 2165.188 ; gain = 1142.352 ; free physical = 36078 ; free virtual = 89103
synth_design: Time (s): cpu = 00:01:37 ; elapsed = 00:02:10 . Memory (MB): peak = 2428.734 ; gain = 1251.375 ; free physical = 35947 ; free virtual = 89002
