#Parsing log file "./Synth//cnn_layer_accel/create_project.log":


#Parsing log file "./Synth//cnn_layer_accel/cnn_layer_accel_synth_design.rds":
	CRITICAL WARNING: [Netlist 29-180] Cell 'DSP48E2' is not a supported primitive for virtex7 part: xc7vx690tffg1157-2.  64 instances of this cell will be treated as black boxes, not architecture primitives [/home/mdl/izo5011/IkennaWorkSpace/cnn_layer_accel/hardware/verilog/rtl/cnn_layer_accel_ce_macc_0.sv:168]
	CRITICAL WARNING: [Synth 8-6859] multi-driven net on pin Q with 1st driver pin 'nolabel_line194i_32/genblk1[0].iX_cnn_layer_accel_conv1x1_pip/krnl1x1_bram_rden_reg__0/Q' [/home/mdl/izo5011/IkennaWorkSpace/cnn_layer_accel/hardware/verilog/rtl/cnn_layer_accel_conv1x1_pip.sv:269]
	CRITICAL WARNING: [Synth 8-6859] multi-driven net on pin Q with 2nd driver pin 'GND' [/home/mdl/izo5011/IkennaWorkSpace/cnn_layer_accel/hardware/verilog/rtl/cnn_layer_accel_conv1x1_pip.sv:269]
	CRITICAL WARNING: [Synth 8-6858] multi-driven net Q is connected to at least one constant driver which has been preserved, other driver is ignored [/home/mdl/izo5011/IkennaWorkSpace/cnn_layer_accel/hardware/verilog/rtl/cnn_layer_accel_conv1x1_pip.sv:269]
	CRITICAL WARNING: [Synth 8-4442] BlackBox module \nolabel_line194/genblk1[0].iX_cnn_layer_accel_conv1x1_pip/i_krnl1x1_bram  has unconnected pin ena
	CRITICAL WARNING: [Synth 8-4442] BlackBox module \nolabel_line194/genblk1[0].iX_cnn_layer_accel_conv1x1_pip/i_krnl1x1Bias_bram  has unconnected pin ena
	CRITICAL WARNING: [Synth 8-4442] BlackBox module \nolabel_line194/genblk1[0].iX_cnn_layer_accel_conv1x1_pip/i_krnl1x1Bias_bram  has unconnected pin addra[12]
	CRITICAL WARNING: [Synth 8-4442] BlackBox module \nolabel_line194/genblk1[0].iX_cnn_layer_accel_conv1x1_pip/i_krnl1x1Bias_bram  has unconnected pin addra[11]
	CRITICAL WARNING: [Synth 8-4442] BlackBox module \nolabel_line194/genblk1[0].iX_cnn_layer_accel_conv1x1_pip/i_krnl1x1Bias_bram  has unconnected pin addra[10]
	CRITICAL WARNING: [Synth 8-4442] BlackBox module \nolabel_line194/genblk1[0].iX_cnn_layer_accel_conv1x1_pip/i_krnl1x1Bias_bram  has unconnected pin addra[9]
	CRITICAL WARNING: [Synth 8-4442] BlackBox module \nolabel_line194/genblk1[0].iX_cnn_layer_accel_conv1x1_pip/i_krnl1x1Bias_bram  has unconnected pin addra[8]
	CRITICAL WARNING: [Synth 8-4442] BlackBox module \nolabel_line194/genblk1[0].iX_cnn_layer_accel_conv1x1_pip/i_krnl1x1Bias_bram  has unconnected pin addra[7]
	CRITICAL WARNING: [Synth 8-4442] BlackBox module \nolabel_line194/genblk1[0].iX_cnn_layer_accel_conv1x1_pip/i_krnl1x1Bias_bram  has unconnected pin addra[6]
	CRITICAL WARNING: [Synth 8-4442] BlackBox module \nolabel_line194/genblk1[0].iX_cnn_layer_accel_conv1x1_pip/i_krnl1x1Bias_bram  has unconnected pin addra[5]
	CRITICAL WARNING: [Synth 8-4442] BlackBox module \nolabel_line194/genblk1[0].iX_cnn_layer_accel_conv1x1_pip/i_krnl1x1Bias_bram  has unconnected pin addra[4]
	CRITICAL WARNING: [Synth 8-4442] BlackBox module \nolabel_line194/genblk1[0].iX_cnn_layer_accel_conv1x1_pip/i_krnl1x1Bias_bram  has unconnected pin addra[3]
	CRITICAL WARNING: [Synth 8-4442] BlackBox module \nolabel_line194/genblk1[0].iX_cnn_layer_accel_conv1x1_pip/i_krnl1x1Bias_bram  has unconnected pin addra[2]
	CRITICAL WARNING: [Synth 8-4442] BlackBox module \nolabel_line194/genblk1[0].iX_cnn_layer_accel_conv1x1_pip/i_krnl1x1Bias_bram  has unconnected pin addra[1]
	CRITICAL WARNING: [Synth 8-4442] BlackBox module \nolabel_line194/genblk1[0].iX_cnn_layer_accel_conv1x1_pip/i_krnl1x1Bias_bram  has unconnected pin addra[0]
	CRITICAL WARNING: [Synth 8-4442] BlackBox module \nolabel_line194/i0_job_fetch_fifo  has unconnected pin din[1023]
	CRITICAL WARNING: [Synth 8-4442] BlackBox module \nolabel_line194/i0_job_fetch_fifo  has unconnected pin din[1022]
	CRITICAL WARNING: [Synth 8-4442] BlackBox module \nolabel_line194/i0_job_fetch_fifo  has unconnected pin din[1021]
	CRITICAL WARNING: [Synth 8-4442] BlackBox module \nolabel_line194/i0_job_fetch_fifo  has unconnected pin din[1020]
	CRITICAL WARNING: [Synth 8-4442] BlackBox module \nolabel_line194/i0_job_fetch_fifo  has unconnected pin din[1019]
	CRITICAL WARNING: [Synth 8-4442] BlackBox module \nolabel_line194/i0_job_fetch_fifo  has unconnected pin din[1018]
	CRITICAL WARNING: [Synth 8-4442] BlackBox module \nolabel_line194/i0_job_fetch_fifo  has unconnected pin din[1017]
	CRITICAL WARNING: [Synth 8-4442] BlackBox module \nolabel_line194/i0_job_fetch_fifo  has unconnected pin din[1016]
	CRITICAL WARNING: [Synth 8-4442] BlackBox module \nolabel_line194/i0_job_fetch_fifo  has unconnected pin din[1015]
	CRITICAL WARNING: [Synth 8-4442] BlackBox module \nolabel_line194/i0_job_fetch_fifo  has unconnected pin din[1014]
	CRITICAL WARNING: [Synth 8-4442] BlackBox module \nolabel_line194/i0_job_fetch_fifo  has unconnected pin din[1013]
	CRITICAL WARNING: [Synth 8-4442] BlackBox module \nolabel_line194/i0_job_fetch_fifo  has unconnected pin din[1012]
	CRITICAL WARNING: [Synth 8-4442] BlackBox module \nolabel_line194/i0_job_fetch_fifo  has unconnected pin din[1011]
	CRITICAL WARNING: [Synth 8-4442] BlackBox module \nolabel_line194/i0_job_fetch_fifo  has unconnected pin din[1010]
	CRITICAL WARNING: [Synth 8-4442] BlackBox module \nolabel_line194/i0_job_fetch_fifo  has unconnected pin din[1009]
	CRITICAL WARNING: [Synth 8-4442] BlackBox module \nolabel_line194/i0_job_fetch_fifo  has unconnected pin din[1008]
	CRITICAL WARNING: [Synth 8-4442] BlackBox module \nolabel_line194/i0_job_fetch_fifo  has unconnected pin din[1007]
	CRITICAL WARNING: [Synth 8-4442] BlackBox module \nolabel_line194/i0_job_fetch_fifo  has unconnected pin din[1006]
	CRITICAL WARNING: [Synth 8-4442] BlackBox module \nolabel_line194/i0_job_fetch_fifo  has unconnected pin din[1005]
	CRITICAL WARNING: [Synth 8-4442] BlackBox module \nolabel_line194/i0_job_fetch_fifo  has unconnected pin din[1004]
	CRITICAL WARNING: [Synth 8-4442] BlackBox module \nolabel_line194/i0_job_fetch_fifo  has unconnected pin din[1003]
	CRITICAL WARNING: [Synth 8-4442] BlackBox module \nolabel_line194/i0_job_fetch_fifo  has unconnected pin din[1002]
	CRITICAL WARNING: [Synth 8-4442] BlackBox module \nolabel_line194/i0_job_fetch_fifo  has unconnected pin din[1001]
	CRITICAL WARNING: [Synth 8-4442] BlackBox module \nolabel_line194/i0_job_fetch_fifo  has unconnected pin din[1000]
	CRITICAL WARNING: [Synth 8-4442] BlackBox module \nolabel_line194/i0_job_fetch_fifo  has unconnected pin din[999]
	CRITICAL WARNING: [Synth 8-4442] BlackBox module \nolabel_line194/i0_job_fetch_fifo  has unconnected pin din[998]
	CRITICAL WARNING: [Synth 8-4442] BlackBox module \nolabel_line194/i0_job_fetch_fifo  has unconnected pin din[997]
	CRITICAL WARNING: [Synth 8-4442] BlackBox module \nolabel_line194/i0_job_fetch_fifo  has unconnected pin din[996]
	CRITICAL WARNING: [Synth 8-4442] BlackBox module \nolabel_line194/i0_job_fetch_fifo  has unconnected pin din[995]
	CRITICAL WARNING: [Synth 8-4442] BlackBox module \nolabel_line194/i0_job_fetch_fifo  has unconnected pin din[994]
	CRITICAL WARNING: [Synth 8-4442] BlackBox module \nolabel_line194/i0_job_fetch_fifo  has unconnected pin din[993]
	CRITICAL WARNING: [Synth 8-4442] BlackBox module \nolabel_line194/i0_job_fetch_fifo  has unconnected pin din[992]
	CRITICAL WARNING: [Synth 8-4442] BlackBox module \nolabel_line194/i0_job_fetch_fifo  has unconnected pin din[991]
	CRITICAL WARNING: [Synth 8-4442] BlackBox module \nolabel_line194/i0_job_fetch_fifo  has unconnected pin din[990]
	CRITICAL WARNING: [Synth 8-4442] BlackBox module \nolabel_line194/i0_job_fetch_fifo  has unconnected pin din[989]
	CRITICAL WARNING: [Synth 8-4442] BlackBox module \nolabel_line194/i0_job_fetch_fifo  has unconnected pin din[988]
	CRITICAL WARNING: [Synth 8-4442] BlackBox module \nolabel_line194/i0_job_fetch_fifo  has unconnected pin din[987]
	CRITICAL WARNING: [Synth 8-4442] BlackBox module \nolabel_line194/i0_job_fetch_fifo  has unconnected pin din[986]
	CRITICAL WARNING: [Synth 8-4442] BlackBox module \nolabel_line194/i0_job_fetch_fifo  has unconnected pin din[985]
	CRITICAL WARNING: [Synth 8-4442] BlackBox module \nolabel_line194/i0_job_fetch_fifo  has unconnected pin din[984]
	CRITICAL WARNING: [Synth 8-4442] BlackBox module \nolabel_line194/i0_job_fetch_fifo  has unconnected pin din[983]
	CRITICAL WARNING: [Synth 8-4442] BlackBox module \nolabel_line194/i0_job_fetch_fifo  has unconnected pin din[982]
	CRITICAL WARNING: [Synth 8-4442] BlackBox module \nolabel_line194/i0_job_fetch_fifo  has unconnected pin din[981]
	CRITICAL WARNING: [Synth 8-4442] BlackBox module \nolabel_line194/i0_job_fetch_fifo  has unconnected pin din[980]
	CRITICAL WARNING: [Synth 8-4442] BlackBox module \nolabel_line194/i0_job_fetch_fifo  has unconnected pin din[979]
	CRITICAL WARNING: [Synth 8-4442] BlackBox module \nolabel_line194/i0_job_fetch_fifo  has unconnected pin din[978]
	CRITICAL WARNING: [Synth 8-4442] BlackBox module \nolabel_line194/i0_job_fetch_fifo  has unconnected pin din[977]
	CRITICAL WARNING: [Synth 8-4442] BlackBox module \nolabel_line194/i0_job_fetch_fifo  has unconnected pin din[976]
	CRITICAL WARNING: [Synth 8-4442] BlackBox module \nolabel_line194/i0_job_fetch_fifo  has unconnected pin din[975]
	CRITICAL WARNING: [Synth 8-4442] BlackBox module \nolabel_line194/i0_job_fetch_fifo  has unconnected pin din[974]
	CRITICAL WARNING: [Synth 8-4442] BlackBox module \nolabel_line194/i0_job_fetch_fifo  has unconnected pin din[973]
	CRITICAL WARNING: [Synth 8-4442] BlackBox module \nolabel_line194/i0_job_fetch_fifo  has unconnected pin din[972]
	CRITICAL WARNING: [Synth 8-4442] BlackBox module \nolabel_line194/i0_job_fetch_fifo  has unconnected pin din[971]
	CRITICAL WARNING: [Synth 8-4442] BlackBox module \nolabel_line194/i0_job_fetch_fifo  has unconnected pin din[970]
	CRITICAL WARNING: [Synth 8-4442] BlackBox module \nolabel_line194/i0_job_fetch_fifo  has unconnected pin din[969]
	CRITICAL WARNING: [Synth 8-4442] BlackBox module \nolabel_line194/i0_job_fetch_fifo  has unconnected pin din[968]
	CRITICAL WARNING: [Synth 8-4442] BlackBox module \nolabel_line194/i0_job_fetch_fifo  has unconnected pin din[967]
	CRITICAL WARNING: [Synth 8-4442] BlackBox module \nolabel_line194/i0_job_fetch_fifo  has unconnected pin din[966]
	CRITICAL WARNING: [Synth 8-4442] BlackBox module \nolabel_line194/i0_job_fetch_fifo  has unconnected pin din[965]
	CRITICAL WARNING: [Synth 8-4442] BlackBox module \nolabel_line194/i0_job_fetch_fifo  has unconnected pin din[964]
	CRITICAL WARNING: [Synth 8-4442] BlackBox module \nolabel_line194/i0_job_fetch_fifo  has unconnected pin din[963]
	CRITICAL WARNING: [Synth 8-4442] BlackBox module \nolabel_line194/i0_job_fetch_fifo  has unconnected pin din[962]
	CRITICAL WARNING: [Synth 8-4442] BlackBox module \nolabel_line194/i0_job_fetch_fifo  has unconnected pin din[961]
	CRITICAL WARNING: [Synth 8-4442] BlackBox module \nolabel_line194/i0_job_fetch_fifo  has unconnected pin din[960]
	CRITICAL WARNING: [Synth 8-4442] BlackBox module \nolabel_line194/i0_job_fetch_fifo  has unconnected pin din[959]
	CRITICAL WARNING: [Synth 8-4442] BlackBox module \nolabel_line194/i0_job_fetch_fifo  has unconnected pin din[958]
	CRITICAL WARNING: [Synth 8-4442] BlackBox module \nolabel_line194/i0_job_fetch_fifo  has unconnected pin din[957]
	CRITICAL WARNING: [Synth 8-4442] BlackBox module \nolabel_line194/i0_job_fetch_fifo  has unconnected pin din[956]
	CRITICAL WARNING: [Synth 8-4442] BlackBox module \nolabel_line194/i0_job_fetch_fifo  has unconnected pin din[955]
	CRITICAL WARNING: [Synth 8-4442] BlackBox module \nolabel_line194/i0_job_fetch_fifo  has unconnected pin din[954]
	CRITICAL WARNING: [Synth 8-4442] BlackBox module \nolabel_line194/i0_job_fetch_fifo  has unconnected pin din[953]
	CRITICAL WARNING: [Synth 8-4442] BlackBox module \nolabel_line194/i0_job_fetch_fifo  has unconnected pin din[952]
	CRITICAL WARNING: [Synth 8-4442] BlackBox module \nolabel_line194/i0_job_fetch_fifo  has unconnected pin din[951]
	CRITICAL WARNING: [Synth 8-4442] BlackBox module \nolabel_line194/i0_job_fetch_fifo  has unconnected pin din[950]
	CRITICAL WARNING: [Synth 8-4442] BlackBox module \nolabel_line194/i0_job_fetch_fifo  has unconnected pin din[949]
	CRITICAL WARNING: [Synth 8-4442] BlackBox module \nolabel_line194/i0_job_fetch_fifo  has unconnected pin din[948]
	CRITICAL WARNING: [Synth 8-4442] BlackBox module \nolabel_line194/i0_job_fetch_fifo  has unconnected pin din[947]
	CRITICAL WARNING: [Synth 8-4442] BlackBox module \nolabel_line194/i0_job_fetch_fifo  has unconnected pin din[946]
	CRITICAL WARNING: [Synth 8-4442] BlackBox module \nolabel_line194/i0_job_fetch_fifo  has unconnected pin din[945]
	CRITICAL WARNING: [Synth 8-4442] BlackBox module \nolabel_line194/i0_job_fetch_fifo  has unconnected pin din[944]
	CRITICAL WARNING: [Synth 8-4442] BlackBox module \nolabel_line194/i0_job_fetch_fifo  has unconnected pin din[943]
	CRITICAL WARNING: [Synth 8-4442] BlackBox module \nolabel_line194/i0_job_fetch_fifo  has unconnected pin din[942]
	CRITICAL WARNING: [Synth 8-4442] BlackBox module \nolabel_line194/i0_job_fetch_fifo  has unconnected pin din[941]
	CRITICAL WARNING: [Synth 8-4442] BlackBox module \nolabel_line194/i0_job_fetch_fifo  has unconnected pin din[940]
	CRITICAL WARNING: [Synth 8-4442] BlackBox module \nolabel_line194/i0_job_fetch_fifo  has unconnected pin din[939]
	CRITICAL WARNING: [Synth 8-6859] multi-driven net on pin nolabel_line194/krnl1x1Bias_bram_wren with 1st driver pin 'nolabel_line194/krnl1x1Bias_bram_wren_reg__0/Q' [/home/mdl/izo5011/IkennaWorkSpace/cnn_layer_accel/hardware/verilog/rtl/cnn_layer_accel_FAS.sv:801]
	CRITICAL WARNING: [Synth 8-6859] multi-driven net on pin nolabel_line194/krnl1x1Bias_bram_wren with 2nd driver pin 'nolabel_line194/krnl1x1Bias_bram_wren_reg/Q' [/home/mdl/izo5011/IkennaWorkSpace/cnn_layer_accel/hardware/verilog/rtl/cnn_layer_accel_FAS.sv:1343]
	CRITICAL WARNING: [Synth 8-6859] multi-driven net on pin genblk1[0].nolabel_line244/trans_in_fifo_rden with 1st driver pin 'genblk1[0].nolabel_line244/trans_in_fifo_rden_reg__0/Q' [/home/mdl/izo5011/IkennaWorkSpace/cnn_layer_accel/hardware/verilog/rtl/cnn_layer_accel_AWP.sv:174]
	CRITICAL WARNING: [Synth 8-6859] multi-driven net on pin genblk1[0].nolabel_line244/trans_in_fifo_rden with 2nd driver pin 'genblk1[0].nolabel_line244/trans_in_fifo_rden_reg/Q' [/home/mdl/izo5011/IkennaWorkSpace/cnn_layer_accel/hardware/verilog/rtl/cnn_layer_accel_AWP.sv:407]
	CRITICAL WARNING: [Netlist 29-181] Cell 'RAMB36E2' defined in file 'pixel_sequence_data_bram.edf' is not a supported primitive for virtex7 part: xc7vx690tffg1157-2.  8 instances of this cell will be treated as black boxes, not architecture primitives [/home/mdl/izo5011/SOC_IT/cnn_layer_accel/hardware/ip/xcku115/pixel_sequence_data_bram/hdl/blk_mem_gen_v8_3_vhsyn_rfs.vhd:1]
	CRITICAL WARNING: [Netlist 29-181] Cell 'FIFO36E2' defined in file 'trans_eg_meta_fifo.edf' is not a supported primitive for virtex7 part: xc7vx690tffg1157-2.  30 instances of this cell will be treated as black boxes, not architecture primitives [/home/mdl/izo5011/IkennaWorkSpace/cnn_layer_accel/hardware/ip/xcvu37p-fsvh2892-2-e/trans_eg_meta_fifo/hdl/fifo_generator_v13_2_vhsyn_rfs.vhd:1]
	CRITICAL WARNING: [Netlist 29-181] Cell 'FIFO36E2' defined in file 'trans_in_meta_fifo.edf' is not a supported primitive for virtex7 part: xc7vx690tffg1157-2.  30 instances of this cell will be treated as black boxes, not architecture primitives [/home/mdl/izo5011/IkennaWorkSpace/cnn_layer_accel/hardware/ip/xcvu37p-fsvh2892-2-e/trans_in_meta_fifo/hdl/fifo_generator_v13_2_vhsyn_rfs.vhd:1]
	CRITICAL WARNING: [Netlist 29-181] Cell 'FIFO36E2' defined in file 'krnl1x1Bias_dwc_fifo.edf' is not a supported primitive for virtex7 part: xc7vx690tffg1157-2.  16 instances of this cell will be treated as black boxes, not architecture primitives [/home/mdl/izo5011/IkennaWorkSpace/cnn_layer_accel/hardware/ip/xcvu37p-fsvh2892-2-e/krnl1x1Bias_dwc_fifo/hdl/fifo_generator_v13_2_vhsyn_rfs.vhd:1]
	CRITICAL WARNING: [Netlist 29-181] Cell 'FIFO36E2' defined in file 'job_fetch_fifo.edf' is not a supported primitive for virtex7 part: xc7vx690tffg1157-2.  15 instances of this cell will be treated as black boxes, not architecture primitives [/home/mdl/izo5011/IkennaWorkSpace/cnn_layer_accel/hardware/ip/xcvu37p-fsvh2892-2-e/job_fetch_fifo/hdl/fifo_generator_v13_2_vhsyn_rfs.vhd:1]
	CRITICAL WARNING: [Netlist 29-181] Cell 'FIFO36E2' defined in file 'convMap_fifo.edf' is not a supported primitive for virtex7 part: xc7vx690tffg1157-2.  15 instances of this cell will be treated as black boxes, not architecture primitives [/home/mdl/izo5011/IkennaWorkSpace/cnn_layer_accel/hardware/ip/xcvu37p-fsvh2892-2-e/convMap_fifo/hdl/fifo_generator_v13_2_vhsyn_rfs.vhd:1]
	CRITICAL WARNING: [Netlist 29-181] Cell 'FIFO36E2' defined in file 'outbuf_fifo.edf' is not a supported primitive for virtex7 part: xc7vx690tffg1157-2.  15 instances of this cell will be treated as black boxes, not architecture primitives [/home/mdl/izo5011/IkennaWorkSpace/cnn_layer_accel/hardware/ip/xcvu37p-fsvh2892-2-e/outbuf_fifo/hdl/fifo_generator_v13_2_vhsyn_rfs.vhd:1]
	CRITICAL WARNING: [Netlist 29-181] Cell 'FIFO36E2' defined in file 'partMap_fifo.edf' is not a supported primitive for virtex7 part: xc7vx690tffg1157-2.  15 instances of this cell will be treated as black boxes, not architecture primitives [/home/mdl/izo5011/IkennaWorkSpace/cnn_layer_accel/hardware/ip/xcvu37p-fsvh2892-2-e/partMap_fifo/hdl/fifo_generator_v13_2_vhsyn_rfs.vhd:1]
	CRITICAL WARNING: [Netlist 29-181] Cell 'FIFO36E2' defined in file 'conv1x1_dwc_fifo.edf' is not a supported primitive for virtex7 part: xc7vx690tffg1157-2.  32 instances of this cell will be treated as black boxes, not architecture primitives [/home/mdl/izo5011/IkennaWorkSpace/cnn_layer_accel/hardware/ip/xcvu37p-fsvh2892-2-e/conv1x1_dwc_fifo/hdl/fifo_generator_v13_2_vhsyn_rfs.vhd:1]
	CRITICAL WARNING: [Netlist 29-181] Cell 'RAMB36E2' defined in file 'krnl1x1_bram.edf' is not a supported primitive for virtex7 part: xc7vx690tffg1157-2.  228 instances of this cell will be treated as black boxes, not architecture primitives [/home/mdl/izo5011/IkennaWorkSpace/cnn_layer_accel/hardware/ip/xcvu37p-fsvh2892-2-e/krnl1x1_bram/hdl/blk_mem_gen_v8_4_vhsyn_rfs.vhd:1]
	CRITICAL WARNING: [Project 1-560] Could not resolve non-primitive black box cell 'FIFO36E2' instantiated as 'genblk1[0].nolabel_line244/i0_cnn_layer_accel_trans_eg_fifo/i0_trans_eg_meta_fifo/U0/inst_fifo_gen/gconvfifo.rf/gbi.bi/v8_fifo.fblk/rst_val_sym.gextw_sym[10].inst_extd/gonep.inst_prim/gf36e2_inst.sngfifo36e2'. 168 instances of this cell are unresolved black boxes. [/home/mdl/izo5011/IkennaWorkSpace/cnn_layer_accel/hardware/ip/xcvu37p-fsvh2892-2-e/trans_eg_meta_fifo/hdl/fifo_generator_v13_2_vhsyn_rfs.vhd:1]
	CRITICAL WARNING: [Project 1-560] Could not resolve non-primitive black box cell 'FIFO36E2_HD1234' instantiated as 'genblk1[0].nolabel_line244/i0_cnn_layer_accel_trans_eg_fifo/i0_trans_eg_pyld_fifo/U0/inst_fifo_gen/gconvfifo.rf/gbi.bi/v8_fifo.fblk/rst_val_sym.gextw_sym[9].inst_extd/gonep.inst_prim/gf36e2_inst.sngfifo36e2'. 2 instances of this cell are unresolved black boxes. [/home/mdl/izo5011/IkennaWorkSpace/cnn_layer_accel/hardware/ip/xcvu37p-fsvh2892-2-e/trans_eg_meta_fifo/hdl/fifo_generator_v13_2_vhsyn_rfs.vhd:1]
	CRITICAL WARNING: [Project 1-560] Could not resolve non-primitive black box cell 'FIFO36E2_HD1309' instantiated as 'genblk1[0].nolabel_line244/i0_cnn_layer_accel_trans_in_fifo/i0_trans_in_pyld_fifo/U0/inst_fifo_gen/gconvfifo.rf/gbi.bi/v8_fifo.fblk/rst_val_sym.gextw_sym[9].inst_extd/gonep.inst_prim/gf36e2_inst.sngfifo36e2'. 2 instances of this cell are unresolved black boxes. [/home/mdl/izo5011/IkennaWorkSpace/cnn_layer_accel/hardware/ip/xcvu37p-fsvh2892-2-e/trans_in_meta_fifo/hdl/fifo_generator_v13_2_vhsyn_rfs.vhd:1]
	CRITICAL WARNING: [Project 1-486] Could not resolve non-primitive black box cell 'FIFO36E2_HD1384' instantiated as 'nolabel_line194/i0_res_dwc_fifo/U0/inst_fifo_gen/gconvfifo.rf/gbi.bi/v8_fifo.fblk/rst_val_sym.gextw_sym[9].inst_extd/gonep.inst_prim/gf36e2_inst.sngfifo36e2' [/home/mdl/izo5011/IkennaWorkSpace/cnn_layer_accel/hardware/ip/xcvu37p-fsvh2892-2-e/job_fetch_fifo/hdl/fifo_generator_v13_2_vhsyn_rfs.vhd:1]
	CRITICAL WARNING: [Project 1-486] Could not resolve non-primitive black box cell 'FIFO36E2_HD1385' instantiated as 'nolabel_line194/i0_resdMap_fifo/U0/inst_fifo_gen/gconvfifo.rf/gbi.bi/v8_fifo.fblk/rst_val_sym.gextw_sym[9].inst_extd/gonep.inst_prim/gf36e2_inst.sngfifo36e2' [/home/mdl/izo5011/IkennaWorkSpace/cnn_layer_accel/hardware/ip/xcvu37p-fsvh2892-2-e/convMap_fifo/hdl/fifo_generator_v13_2_vhsyn_rfs.vhd:1]
	CRITICAL WARNING: [Project 1-486] Could not resolve non-primitive black box cell 'FIFO36E2_HD1386' instantiated as 'nolabel_line194/i0_prevMap_fifo/U0/inst_fifo_gen/gconvfifo.rf/gbi.bi/v8_fifo.fblk/rst_val_sym.gextw_sym[9].inst_extd/gonep.inst_prim/gf36e2_inst.sngfifo36e2' [/home/mdl/izo5011/IkennaWorkSpace/cnn_layer_accel/hardware/ip/xcvu37p-fsvh2892-2-e/convMap_fifo/hdl/fifo_generator_v13_2_vhsyn_rfs.vhd:1]
	CRITICAL WARNING: [Project 1-560] Could not resolve non-primitive black box cell 'RAMB36E2' instantiated as 'genblk1[0].nolabel_line244/QUAD[0].i0_cnn_layer_accel_quad/i0_pixel_sequence_data_bram/U0/inst_blk_mem_gen/gnbram.gnativebmg.native_blk_mem_gen/valid.cstr/ramloop[0].ram.r/prim_noinit.ram/DEVICE_8SERIES.NO_BMM_INFO.SDP.WIDE_PRIM36_NO_ECC.ram'. 236 instances of this cell are unresolved black boxes. [/home/mdl/izo5011/SOC_IT/cnn_layer_accel/hardware/ip/xcku115/pixel_sequence_data_bram/hdl/blk_mem_gen_v8_3_vhsyn_rfs.vhd:1]
	CRITICAL WARNING: [Project 1-486] Could not resolve non-primitive black box cell 'RAMB36E2_HD1387' instantiated as 'nolabel_line194/genblk1[0].iX_cnn_layer_accel_conv1x1_pip/i_krnl1x1Bias_bram/U0/inst_blk_mem_gen/gnbram.gnativebmg.native_blk_mem_gen/valid.cstr/ramloop[9].ram.r/prim_noinit.ram/DEVICE_8SERIES.NO_BMM_INFO.SDP.SIMPLE_PRIM36.ram' [/home/mdl/izo5011/IkennaWorkSpace/cnn_layer_accel/hardware/ip/xcvu37p-fsvh2892-2-e/krnl1x1Bias_bram/hdl/blk_mem_gen_v8_4_vhsyn_rfs.vhd:1]
	CRITICAL WARNING: [Project 1-560] Could not resolve non-primitive black box cell 'krnl1x1Bias_bram__krnl1x1Bias_bram__krnl1x1Bias_bram__krnl1x1Bias_bram__krnl1x1Bias_bram__krnl1x1Bias_bram__krnl1x1Bias_bram__krnl1x1Bias_bram__krnl1x1Bias_bram__krnl1x1Bias_bram__krnl1x1Bias_bram__krnl1x1Bias_bram__krnl1x1Bias_bram__krnl1x1Bias_bram__krnl1x1Bias_bram__krnl1x1Bias_bram__krnl1x1Bias_bram__krnl1x1Bias_bram__krnl1x1Bias_bram__krnl1x1Bias_bram__krnl1x1Bias_bram__krnl1x1Bias_bram__krnl1x1Bias_bram__krnl1x1Bias_bram__krnl1x1Bias_bram__krnl1x1Bias_bram__krnl1x1Bias_bram__krnl1x1Bias_bram__krnl1x1Bias_bram__krnl1x1Bias_bram__RAMB36E2' instantiated as 'nolabel_line194/genblk1[0].iX_cnn_layer_accel_conv1x1_pip/i_krnl1x1Bias_bram/U0/inst_blk_mem_gen/gnbram.gnativebmg.native_blk_mem_gen/valid.cstr/ramloop[0].ram.r/prim_noinit.ram/DEVICE_8SERIES.NO_BMM_INFO.SDP.SIMPLE_PRIM36.ram'. 29 instances of this cell are unresolved black boxes. [/home/mdl/izo5011/IkennaWorkSpace/cnn_layer_accel/hardware/ip/xcvu37p-fsvh2892-2-e/krnl1x1Bias_bram/hdl/blk_mem_gen_v8_4_vhsyn_rfs.vhd:1]
	CRITICAL WARNING: [Project 1-560] Could not resolve non-primitive black box cell 'prevMap_fifo__prevMap_fifo__prevMap_fifo__prevMap_fifo__prevMap_fifo__prevMap_fifo__prevMap_fifo__prevMap_fifo__prevMap_fifo__prevMap_fifo__prevMap_fifo__prevMap_fifo__prevMap_fifo__prevMap_fifo__prevMap_fifo__FIFO36E2' instantiated as 'nolabel_line194/i0_prevMap_fifo/U0/inst_fifo_gen/gconvfifo.rf/gbi.bi/v8_fifo.fblk/rst_val_sym.gextw_sym[10].inst_extd/gonep.inst_prim/gf36e2_inst.sngfifo36e2'. 14 instances of this cell are unresolved black boxes. [/home/mdl/izo5011/IkennaWorkSpace/cnn_layer_accel/hardware/ip/xcvu37p-fsvh2892-2-e/convMap_fifo/hdl/fifo_generator_v13_2_vhsyn_rfs.vhd:1]
	CRITICAL WARNING: [Project 1-560] Could not resolve non-primitive black box cell 'res_dwc_fifo__res_dwc_fifo__res_dwc_fifo__res_dwc_fifo__res_dwc_fifo__res_dwc_fifo__res_dwc_fifo__res_dwc_fifo__res_dwc_fifo__res_dwc_fifo__res_dwc_fifo__res_dwc_fifo__res_dwc_fifo__res_dwc_fifo__res_dwc_fifo__FIFO36E2' instantiated as 'nolabel_line194/i0_res_dwc_fifo/U0/inst_fifo_gen/gconvfifo.rf/gbi.bi/v8_fifo.fblk/rst_val_sym.gextw_sym[10].inst_extd/gonep.inst_prim/gf36e2_inst.sngfifo36e2'. 14 instances of this cell are unresolved black boxes. [/home/mdl/izo5011/IkennaWorkSpace/cnn_layer_accel/hardware/ip/xcvu37p-fsvh2892-2-e/job_fetch_fifo/hdl/fifo_generator_v13_2_vhsyn_rfs.vhd:1]
	CRITICAL WARNING: [Project 1-560] Could not resolve non-primitive black box cell 'resdMap_fifo__resdMap_fifo__resdMap_fifo__resdMap_fifo__resdMap_fifo__resdMap_fifo__resdMap_fifo__resdMap_fifo__resdMap_fifo__resdMap_fifo__resdMap_fifo__resdMap_fifo__resdMap_fifo__resdMap_fifo__resdMap_fifo__FIFO36E2' instantiated as 'nolabel_line194/i0_resdMap_fifo/U0/inst_fifo_gen/gconvfifo.rf/gbi.bi/v8_fifo.fblk/rst_val_sym.gextw_sym[10].inst_extd/gonep.inst_prim/gf36e2_inst.sngfifo36e2'. 14 instances of this cell are unresolved black boxes. [/home/mdl/izo5011/IkennaWorkSpace/cnn_layer_accel/hardware/ip/xcvu37p-fsvh2892-2-e/convMap_fifo/hdl/fifo_generator_v13_2_vhsyn_rfs.vhd:1]
	CRITICAL WARNING: [Project 1-560] Could not resolve non-primitive black box cell 'trans_eg_pyld_fifo__trans_eg_pyld_fifo__trans_eg_pyld_fifo__trans_eg_pyld_fifo__trans_eg_pyld_fifo__trans_eg_pyld_fifo__trans_eg_pyld_fifo__trans_eg_pyld_fifo__trans_eg_pyld_fifo__trans_eg_pyld_fifo__trans_eg_pyld_fifo__trans_eg_pyld_fifo__trans_eg_pyld_fifo__trans_eg_pyld_fifo__trans_eg_pyld_fifo__FIFO36E2' instantiated as 'genblk1[0].nolabel_line244/i0_cnn_layer_accel_trans_eg_fifo/i0_trans_eg_pyld_fifo/U0/inst_fifo_gen/gconvfifo.rf/gbi.bi/v8_fifo.fblk/rst_val_sym.gextw_sym[10].inst_extd/gonep.inst_prim/gf36e2_inst.sngfifo36e2'. 28 instances of this cell are unresolved black boxes. [/home/mdl/izo5011/IkennaWorkSpace/cnn_layer_accel/hardware/ip/xcvu37p-fsvh2892-2-e/trans_eg_meta_fifo/hdl/fifo_generator_v13_2_vhsyn_rfs.vhd:1]
	CRITICAL WARNING: [Project 1-560] Could not resolve non-primitive black box cell 'trans_in_pyld_fifo__trans_in_pyld_fifo__trans_in_pyld_fifo__trans_in_pyld_fifo__trans_in_pyld_fifo__trans_in_pyld_fifo__trans_in_pyld_fifo__trans_in_pyld_fifo__trans_in_pyld_fifo__trans_in_pyld_fifo__trans_in_pyld_fifo__trans_in_pyld_fifo__trans_in_pyld_fifo__trans_in_pyld_fifo__trans_in_pyld_fifo__FIFO36E2' instantiated as 'genblk1[0].nolabel_line244/i0_cnn_layer_accel_trans_in_fifo/i0_trans_in_pyld_fifo/U0/inst_fifo_gen/gconvfifo.rf/gbi.bi/v8_fifo.fblk/rst_val_sym.gextw_sym[10].inst_extd/gonep.inst_prim/gf36e2_inst.sngfifo36e2'. 28 instances of this cell are unresolved black boxes. [/home/mdl/izo5011/IkennaWorkSpace/cnn_layer_accel/hardware/ip/xcvu37p-fsvh2892-2-e/trans_in_meta_fifo/hdl/fifo_generator_v13_2_vhsyn_rfs.vhd:1]


#Parsing log file "./Synth//cnn_layer_accel/temp.log":


#Parsing log file "./Synth//cnn_layer_accel/temp.log":


