
*** Running vivado
    with args -log krnl1x1Bias_dwc_fifo.vds -m64 -product Vivado -mode batch -messageDb vivado.pb -notrace -source krnl1x1Bias_dwc_fifo.tcl


****** Vivado v2019.1 (64-bit)
  **** SW Build 2552052 on Fri May 24 14:47:09 MDT 2019
  **** IP Build 2548770 on Fri May 24 18:01:18 MDT 2019
    ** Copyright 1986-2019 Xilinx, Inc. All Rights Reserved.

source krnl1x1Bias_dwc_fifo.tcl -notrace
create_project: Time (s): cpu = 00:00:04 ; elapsed = 00:00:06 . Memory (MB): peak = 1480.281 ; gain = 2.023 ; free physical = 49076 ; free virtual = 87467
Command: synth_design -top krnl1x1Bias_dwc_fifo -part xcvu37p-fsvh2892-2-e -mode out_of_context
Starting synth_design
Attempting to get a license for feature 'Synthesis' and/or device 'xcvu37p'
INFO: [Common 17-349] Got license for feature 'Synthesis' and/or device 'xcvu37p'
INFO: [Common 17-1540] The version limit for your license is '2019.10' and has expired for new software. A version limit expiration means that, although you may be able to continue to use the current version of tools or IP with this license, you will not be eligible for any updates or new releases.
INFO: [Device 21-403] Loading part xcvu37p-fsvh2892-2-e
INFO: Launching helper process for spawning children vivado processes
INFO: Helper process launched with PID 224518 
---------------------------------------------------------------------------------
Starting RTL Elaboration : Time (s): cpu = 00:00:14 ; elapsed = 00:01:04 . Memory (MB): peak = 2761.352 ; gain = 48.676 ; free physical = 37690 ; free virtual = 76086
---------------------------------------------------------------------------------
INFO: [Synth 8-638] synthesizing module 'krnl1x1Bias_dwc_fifo' [/home/mdl/izo5011/IkennaWorkSpace/cnn_layer_accel/hardware/ip/xcvu37p-fsvh2892-2-e/krnl1x1Bias_dwc_fifo/synth/krnl1x1Bias_dwc_fifo.vhd:76]
	Parameter C_COMMON_CLOCK bound to: 0 - type: integer 
	Parameter C_SELECT_XPM bound to: 0 - type: integer 
	Parameter C_COUNT_TYPE bound to: 0 - type: integer 
	Parameter C_DATA_COUNT_WIDTH bound to: 9 - type: integer 
	Parameter C_DEFAULT_VALUE bound to: BlankString - type: string 
	Parameter C_DIN_WIDTH bound to: 1024 - type: integer 
	Parameter C_DOUT_RST_VAL bound to: 0 - type: string 
	Parameter C_DOUT_WIDTH bound to: 128 - type: integer 
	Parameter C_ENABLE_RLOCS bound to: 0 - type: integer 
	Parameter C_FAMILY bound to: virtexuplusHBM - type: string 
	Parameter C_FULL_FLAGS_RST_VAL bound to: 0 - type: integer 
	Parameter C_HAS_ALMOST_EMPTY bound to: 0 - type: integer 
	Parameter C_HAS_ALMOST_FULL bound to: 0 - type: integer 
	Parameter C_HAS_BACKUP bound to: 0 - type: integer 
	Parameter C_HAS_DATA_COUNT bound to: 0 - type: integer 
	Parameter C_HAS_INT_CLK bound to: 0 - type: integer 
	Parameter C_HAS_MEMINIT_FILE bound to: 0 - type: integer 
	Parameter C_HAS_OVERFLOW bound to: 0 - type: integer 
	Parameter C_HAS_RD_DATA_COUNT bound to: 0 - type: integer 
	Parameter C_HAS_RD_RST bound to: 0 - type: integer 
	Parameter C_HAS_RST bound to: 0 - type: integer 
	Parameter C_HAS_SRST bound to: 1 - type: integer 
	Parameter C_HAS_UNDERFLOW bound to: 0 - type: integer 
	Parameter C_HAS_VALID bound to: 1 - type: integer 
	Parameter C_HAS_WR_ACK bound to: 0 - type: integer 
	Parameter C_HAS_WR_DATA_COUNT bound to: 0 - type: integer 
	Parameter C_HAS_WR_RST bound to: 0 - type: integer 
	Parameter C_IMPLEMENTATION_TYPE bound to: 6 - type: integer 
	Parameter C_INIT_WR_PNTR_VAL bound to: 0 - type: integer 
	Parameter C_MEMORY_TYPE bound to: 4 - type: integer 
	Parameter C_MIF_FILE_NAME bound to: BlankString - type: string 
	Parameter C_OPTIMIZATION_MODE bound to: 0 - type: integer 
	Parameter C_OVERFLOW_LOW bound to: 0 - type: integer 
	Parameter C_PRELOAD_LATENCY bound to: 2 - type: integer 
	Parameter C_PRELOAD_REGS bound to: 1 - type: integer 
	Parameter C_PRIM_FIFO_TYPE bound to: 512x72 - type: string 
	Parameter C_PROG_EMPTY_THRESH_ASSERT_VAL bound to: 2 - type: integer 
	Parameter C_PROG_EMPTY_THRESH_NEGATE_VAL bound to: 3 - type: integer 
	Parameter C_PROG_EMPTY_TYPE bound to: 0 - type: integer 
	Parameter C_PROG_FULL_THRESH_ASSERT_VAL bound to: 510 - type: integer 
	Parameter C_PROG_FULL_THRESH_NEGATE_VAL bound to: 509 - type: integer 
	Parameter C_PROG_FULL_TYPE bound to: 0 - type: integer 
	Parameter C_RD_DATA_COUNT_WIDTH bound to: 12 - type: integer 
	Parameter C_RD_DEPTH bound to: 4096 - type: integer 
	Parameter C_RD_FREQ bound to: 100 - type: integer 
	Parameter C_RD_PNTR_WIDTH bound to: 12 - type: integer 
	Parameter C_UNDERFLOW_LOW bound to: 0 - type: integer 
	Parameter C_USE_DOUT_RST bound to: 1 - type: integer 
	Parameter C_USE_ECC bound to: 0 - type: integer 
	Parameter C_USE_EMBEDDED_REG bound to: 1 - type: integer 
	Parameter C_USE_PIPELINE_REG bound to: 0 - type: integer 
	Parameter C_POWER_SAVING_MODE bound to: 0 - type: integer 
	Parameter C_USE_FIFO16_FLAGS bound to: 0 - type: integer 
	Parameter C_USE_FWFT_DATA_COUNT bound to: 0 - type: integer 
	Parameter C_VALID_LOW bound to: 0 - type: integer 
	Parameter C_WR_ACK_LOW bound to: 0 - type: integer 
	Parameter C_WR_DATA_COUNT_WIDTH bound to: 9 - type: integer 
	Parameter C_WR_DEPTH bound to: 512 - type: integer 
	Parameter C_WR_FREQ bound to: 400 - type: integer 
	Parameter C_WR_PNTR_WIDTH bound to: 9 - type: integer 
	Parameter C_WR_RESPONSE_LATENCY bound to: 1 - type: integer 
	Parameter C_MSGON_VAL bound to: 1 - type: integer 
	Parameter C_ENABLE_RST_SYNC bound to: 1 - type: integer 
	Parameter C_EN_SAFETY_CKT bound to: 0 - type: integer 
	Parameter C_ERROR_INJECTION_TYPE bound to: 0 - type: integer 
	Parameter C_SYNCHRONIZER_STAGE bound to: 2 - type: integer 
	Parameter C_INTERFACE_TYPE bound to: 0 - type: integer 
	Parameter C_AXI_TYPE bound to: 1 - type: integer 
	Parameter C_HAS_AXI_WR_CHANNEL bound to: 1 - type: integer 
	Parameter C_HAS_AXI_RD_CHANNEL bound to: 1 - type: integer 
	Parameter C_HAS_SLAVE_CE bound to: 0 - type: integer 
	Parameter C_HAS_MASTER_CE bound to: 0 - type: integer 
	Parameter C_ADD_NGC_CONSTRAINT bound to: 0 - type: integer 
	Parameter C_USE_COMMON_OVERFLOW bound to: 0 - type: integer 
	Parameter C_USE_COMMON_UNDERFLOW bound to: 0 - type: integer 
	Parameter C_USE_DEFAULT_SETTINGS bound to: 0 - type: integer 
	Parameter C_AXI_ID_WIDTH bound to: 1 - type: integer 
	Parameter C_AXI_ADDR_WIDTH bound to: 32 - type: integer 
	Parameter C_AXI_DATA_WIDTH bound to: 64 - type: integer 
	Parameter C_AXI_LEN_WIDTH bound to: 8 - type: integer 
	Parameter C_AXI_LOCK_WIDTH bound to: 1 - type: integer 
	Parameter C_HAS_AXI_ID bound to: 0 - type: integer 
	Parameter C_HAS_AXI_AWUSER bound to: 0 - type: integer 
	Parameter C_HAS_AXI_WUSER bound to: 0 - type: integer 
	Parameter C_HAS_AXI_BUSER bound to: 0 - type: integer 
	Parameter C_HAS_AXI_ARUSER bound to: 0 - type: integer 
	Parameter C_HAS_AXI_RUSER bound to: 0 - type: integer 
	Parameter C_AXI_ARUSER_WIDTH bound to: 1 - type: integer 
	Parameter C_AXI_AWUSER_WIDTH bound to: 1 - type: integer 
	Parameter C_AXI_WUSER_WIDTH bound to: 1 - type: integer 
	Parameter C_AXI_BUSER_WIDTH bound to: 1 - type: integer 
	Parameter C_AXI_RUSER_WIDTH bound to: 1 - type: integer 
	Parameter C_HAS_AXIS_TDATA bound to: 1 - type: integer 
	Parameter C_HAS_AXIS_TID bound to: 0 - type: integer 
	Parameter C_HAS_AXIS_TDEST bound to: 0 - type: integer 
	Parameter C_HAS_AXIS_TUSER bound to: 1 - type: integer 
	Parameter C_HAS_AXIS_TREADY bound to: 1 - type: integer 
	Parameter C_HAS_AXIS_TLAST bound to: 0 - type: integer 
	Parameter C_HAS_AXIS_TSTRB bound to: 0 - type: integer 
	Parameter C_HAS_AXIS_TKEEP bound to: 0 - type: integer 
	Parameter C_AXIS_TDATA_WIDTH bound to: 8 - type: integer 
	Parameter C_AXIS_TID_WIDTH bound to: 1 - type: integer 
	Parameter C_AXIS_TDEST_WIDTH bound to: 1 - type: integer 
	Parameter C_AXIS_TUSER_WIDTH bound to: 4 - type: integer 
	Parameter C_AXIS_TSTRB_WIDTH bound to: 1 - type: integer 
	Parameter C_AXIS_TKEEP_WIDTH bound to: 1 - type: integer 
	Parameter C_WACH_TYPE bound to: 0 - type: integer 
	Parameter C_WDCH_TYPE bound to: 0 - type: integer 
	Parameter C_WRCH_TYPE bound to: 0 - type: integer 
	Parameter C_RACH_TYPE bound to: 0 - type: integer 
	Parameter C_RDCH_TYPE bound to: 0 - type: integer 
	Parameter C_AXIS_TYPE bound to: 0 - type: integer 
	Parameter C_IMPLEMENTATION_TYPE_WACH bound to: 1 - type: integer 
	Parameter C_IMPLEMENTATION_TYPE_WDCH bound to: 1 - type: integer 
	Parameter C_IMPLEMENTATION_TYPE_WRCH bound to: 1 - type: integer 
	Parameter C_IMPLEMENTATION_TYPE_RACH bound to: 1 - type: integer 
	Parameter C_IMPLEMENTATION_TYPE_RDCH bound to: 1 - type: integer 
	Parameter C_IMPLEMENTATION_TYPE_AXIS bound to: 1 - type: integer 
	Parameter C_APPLICATION_TYPE_WACH bound to: 0 - type: integer 
	Parameter C_APPLICATION_TYPE_WDCH bound to: 0 - type: integer 
	Parameter C_APPLICATION_TYPE_WRCH bound to: 0 - type: integer 
	Parameter C_APPLICATION_TYPE_RACH bound to: 0 - type: integer 
	Parameter C_APPLICATION_TYPE_RDCH bound to: 0 - type: integer 
	Parameter C_APPLICATION_TYPE_AXIS bound to: 0 - type: integer 
	Parameter C_PRIM_FIFO_TYPE_WACH bound to: 512x36 - type: string 
	Parameter C_PRIM_FIFO_TYPE_WDCH bound to: 512x72 - type: string 
	Parameter C_PRIM_FIFO_TYPE_WRCH bound to: 512x36 - type: string 
	Parameter C_PRIM_FIFO_TYPE_RACH bound to: 512x36 - type: string 
	Parameter C_PRIM_FIFO_TYPE_RDCH bound to: 512x72 - type: string 
	Parameter C_PRIM_FIFO_TYPE_AXIS bound to: 1kx18 - type: string 
	Parameter C_USE_ECC_WACH bound to: 0 - type: integer 
	Parameter C_USE_ECC_WDCH bound to: 0 - type: integer 
	Parameter C_USE_ECC_WRCH bound to: 0 - type: integer 
	Parameter C_USE_ECC_RACH bound to: 0 - type: integer 
	Parameter C_USE_ECC_RDCH bound to: 0 - type: integer 
	Parameter C_USE_ECC_AXIS bound to: 0 - type: integer 
	Parameter C_ERROR_INJECTION_TYPE_WACH bound to: 0 - type: integer 
	Parameter C_ERROR_INJECTION_TYPE_WDCH bound to: 0 - type: integer 
	Parameter C_ERROR_INJECTION_TYPE_WRCH bound to: 0 - type: integer 
	Parameter C_ERROR_INJECTION_TYPE_RACH bound to: 0 - type: integer 
	Parameter C_ERROR_INJECTION_TYPE_RDCH bound to: 0 - type: integer 
	Parameter C_ERROR_INJECTION_TYPE_AXIS bound to: 0 - type: integer 
	Parameter C_DIN_WIDTH_WACH bound to: 1 - type: integer 
	Parameter C_DIN_WIDTH_WDCH bound to: 64 - type: integer 
	Parameter C_DIN_WIDTH_WRCH bound to: 2 - type: integer 
	Parameter C_DIN_WIDTH_RACH bound to: 32 - type: integer 
	Parameter C_DIN_WIDTH_RDCH bound to: 64 - type: integer 
	Parameter C_DIN_WIDTH_AXIS bound to: 1 - type: integer 
	Parameter C_WR_DEPTH_WACH bound to: 16 - type: integer 
	Parameter C_WR_DEPTH_WDCH bound to: 1024 - type: integer 
	Parameter C_WR_DEPTH_WRCH bound to: 16 - type: integer 
	Parameter C_WR_DEPTH_RACH bound to: 16 - type: integer 
	Parameter C_WR_DEPTH_RDCH bound to: 1024 - type: integer 
	Parameter C_WR_DEPTH_AXIS bound to: 1024 - type: integer 
	Parameter C_WR_PNTR_WIDTH_WACH bound to: 4 - type: integer 
	Parameter C_WR_PNTR_WIDTH_WDCH bound to: 10 - type: integer 
	Parameter C_WR_PNTR_WIDTH_WRCH bound to: 4 - type: integer 
	Parameter C_WR_PNTR_WIDTH_RACH bound to: 4 - type: integer 
	Parameter C_WR_PNTR_WIDTH_RDCH bound to: 10 - type: integer 
	Parameter C_WR_PNTR_WIDTH_AXIS bound to: 10 - type: integer 
	Parameter C_HAS_DATA_COUNTS_WACH bound to: 0 - type: integer 
	Parameter C_HAS_DATA_COUNTS_WDCH bound to: 0 - type: integer 
	Parameter C_HAS_DATA_COUNTS_WRCH bound to: 0 - type: integer 
	Parameter C_HAS_DATA_COUNTS_RACH bound to: 0 - type: integer 
	Parameter C_HAS_DATA_COUNTS_RDCH bound to: 0 - type: integer 
	Parameter C_HAS_DATA_COUNTS_AXIS bound to: 0 - type: integer 
	Parameter C_HAS_PROG_FLAGS_WACH bound to: 0 - type: integer 
	Parameter C_HAS_PROG_FLAGS_WDCH bound to: 0 - type: integer 
	Parameter C_HAS_PROG_FLAGS_WRCH bound to: 0 - type: integer 
	Parameter C_HAS_PROG_FLAGS_RACH bound to: 0 - type: integer 
	Parameter C_HAS_PROG_FLAGS_RDCH bound to: 0 - type: integer 
	Parameter C_HAS_PROG_FLAGS_AXIS bound to: 0 - type: integer 
	Parameter C_PROG_FULL_TYPE_WACH bound to: 0 - type: integer 
	Parameter C_PROG_FULL_TYPE_WDCH bound to: 0 - type: integer 
	Parameter C_PROG_FULL_TYPE_WRCH bound to: 0 - type: integer 
	Parameter C_PROG_FULL_TYPE_RACH bound to: 0 - type: integer 
	Parameter C_PROG_FULL_TYPE_RDCH bound to: 0 - type: integer 
	Parameter C_PROG_FULL_TYPE_AXIS bound to: 0 - type: integer 
	Parameter C_PROG_FULL_THRESH_ASSERT_VAL_WACH bound to: 1023 - type: integer 
	Parameter C_PROG_FULL_THRESH_ASSERT_VAL_WDCH bound to: 1023 - type: integer 
	Parameter C_PROG_FULL_THRESH_ASSERT_VAL_WRCH bound to: 1023 - type: integer 
	Parameter C_PROG_FULL_THRESH_ASSERT_VAL_RACH bound to: 1023 - type: integer 
	Parameter C_PROG_FULL_THRESH_ASSERT_VAL_RDCH bound to: 1023 - type: integer 
	Parameter C_PROG_FULL_THRESH_ASSERT_VAL_AXIS bound to: 1023 - type: integer 
	Parameter C_PROG_EMPTY_TYPE_WACH bound to: 0 - type: integer 
	Parameter C_PROG_EMPTY_TYPE_WDCH bound to: 0 - type: integer 
	Parameter C_PROG_EMPTY_TYPE_WRCH bound to: 0 - type: integer 
	Parameter C_PROG_EMPTY_TYPE_RACH bound to: 0 - type: integer 
	Parameter C_PROG_EMPTY_TYPE_RDCH bound to: 0 - type: integer 
	Parameter C_PROG_EMPTY_TYPE_AXIS bound to: 0 - type: integer 
	Parameter C_PROG_EMPTY_THRESH_ASSERT_VAL_WACH bound to: 1022 - type: integer 
	Parameter C_PROG_EMPTY_THRESH_ASSERT_VAL_WDCH bound to: 1022 - type: integer 
	Parameter C_PROG_EMPTY_THRESH_ASSERT_VAL_WRCH bound to: 1022 - type: integer 
	Parameter C_PROG_EMPTY_THRESH_ASSERT_VAL_RACH bound to: 1022 - type: integer 
	Parameter C_PROG_EMPTY_THRESH_ASSERT_VAL_RDCH bound to: 1022 - type: integer 
	Parameter C_PROG_EMPTY_THRESH_ASSERT_VAL_AXIS bound to: 1022 - type: integer 
	Parameter C_REG_SLICE_MODE_WACH bound to: 0 - type: integer 
	Parameter C_REG_SLICE_MODE_WDCH bound to: 0 - type: integer 
	Parameter C_REG_SLICE_MODE_WRCH bound to: 0 - type: integer 
	Parameter C_REG_SLICE_MODE_RACH bound to: 0 - type: integer 
	Parameter C_REG_SLICE_MODE_RDCH bound to: 0 - type: integer 
	Parameter C_REG_SLICE_MODE_AXIS bound to: 0 - type: integer 
INFO: [Synth 8-3491] module 'fifo_generator_v13_2_4' declared at '/home/mdl/izo5011/IkennaWorkSpace/cnn_layer_accel/hardware/ip/xcvu37p-fsvh2892-2-e/krnl1x1Bias_dwc_fifo/hdl/fifo_generator_v13_2_vhsyn_rfs.vhd:38586' bound to instance 'U0' of component 'fifo_generator_v13_2_4' [/home/mdl/izo5011/IkennaWorkSpace/cnn_layer_accel/hardware/ip/xcvu37p-fsvh2892-2-e/krnl1x1Bias_dwc_fifo/synth/krnl1x1Bias_dwc_fifo.vhd:546]
INFO: [Synth 8-256] done synthesizing module 'krnl1x1Bias_dwc_fifo' (10#1) [/home/mdl/izo5011/IkennaWorkSpace/cnn_layer_accel/hardware/ip/xcvu37p-fsvh2892-2-e/krnl1x1Bias_dwc_fifo/synth/krnl1x1Bias_dwc_fifo.vhd:76]
WARNING: [Synth 8-3331] design builtin_prim has unconnected port DOUT[8]
WARNING: [Synth 8-3331] design builtin_prim has unconnected port CASCADE_DOUT[8]
WARNING: [Synth 8-3331] design builtin_prim has unconnected port DIN[71]
WARNING: [Synth 8-3331] design builtin_prim has unconnected port DIN[70]
WARNING: [Synth 8-3331] design builtin_prim has unconnected port DIN[69]
WARNING: [Synth 8-3331] design builtin_prim has unconnected port DIN[68]
WARNING: [Synth 8-3331] design builtin_prim has unconnected port DIN[67]
WARNING: [Synth 8-3331] design builtin_prim has unconnected port DIN[66]
WARNING: [Synth 8-3331] design builtin_prim has unconnected port DIN[65]
WARNING: [Synth 8-3331] design builtin_prim has unconnected port DIN[64]
WARNING: [Synth 8-3331] design builtin_prim has unconnected port CASCADE_DIN[71]
WARNING: [Synth 8-3331] design builtin_prim has unconnected port CASCADE_DIN[70]
WARNING: [Synth 8-3331] design builtin_prim has unconnected port CASCADE_DIN[69]
WARNING: [Synth 8-3331] design builtin_prim has unconnected port CASCADE_DIN[68]
WARNING: [Synth 8-3331] design builtin_prim has unconnected port CASCADE_DIN[67]
WARNING: [Synth 8-3331] design builtin_prim has unconnected port CASCADE_DIN[66]
WARNING: [Synth 8-3331] design builtin_prim has unconnected port CASCADE_DIN[65]
WARNING: [Synth 8-3331] design builtin_prim has unconnected port CASCADE_DIN[64]
WARNING: [Synth 8-3331] design builtin_extdepth has unconnected port INT_CLK
WARNING: [Synth 8-3331] design builtin_extdepth has unconnected port WR_RST
WARNING: [Synth 8-3331] design builtin_extdepth has unconnected port RD_RST
WARNING: [Synth 8-3331] design output_blk has unconnected port ALMOST_FULL_I
WARNING: [Synth 8-3331] design output_blk has unconnected port PROG_FULL_I
WARNING: [Synth 8-3331] design output_blk has unconnected port ALMOST_EMPTY_I
WARNING: [Synth 8-3331] design output_blk has unconnected port PROG_EMPTY_I
WARNING: [Synth 8-3331] design output_blk has unconnected port WR_ACK_I
WARNING: [Synth 8-3331] design output_blk has unconnected port OVERFLOW_I
WARNING: [Synth 8-3331] design output_blk has unconnected port UNDERFLOW_I
WARNING: [Synth 8-3331] design output_blk has unconnected port DATA_COUNT_I[8]
WARNING: [Synth 8-3331] design output_blk has unconnected port DATA_COUNT_I[7]
WARNING: [Synth 8-3331] design output_blk has unconnected port DATA_COUNT_I[6]
WARNING: [Synth 8-3331] design output_blk has unconnected port DATA_COUNT_I[5]
WARNING: [Synth 8-3331] design output_blk has unconnected port DATA_COUNT_I[4]
WARNING: [Synth 8-3331] design output_blk has unconnected port DATA_COUNT_I[3]
WARNING: [Synth 8-3331] design output_blk has unconnected port DATA_COUNT_I[2]
WARNING: [Synth 8-3331] design output_blk has unconnected port DATA_COUNT_I[1]
WARNING: [Synth 8-3331] design output_blk has unconnected port DATA_COUNT_I[0]
WARNING: [Synth 8-3331] design output_blk has unconnected port WR_DATA_COUNT_I[8]
WARNING: [Synth 8-3331] design output_blk has unconnected port WR_DATA_COUNT_I[7]
WARNING: [Synth 8-3331] design output_blk has unconnected port WR_DATA_COUNT_I[6]
WARNING: [Synth 8-3331] design output_blk has unconnected port WR_DATA_COUNT_I[5]
WARNING: [Synth 8-3331] design output_blk has unconnected port WR_DATA_COUNT_I[4]
WARNING: [Synth 8-3331] design output_blk has unconnected port WR_DATA_COUNT_I[3]
WARNING: [Synth 8-3331] design output_blk has unconnected port WR_DATA_COUNT_I[2]
WARNING: [Synth 8-3331] design output_blk has unconnected port WR_DATA_COUNT_I[1]
WARNING: [Synth 8-3331] design output_blk has unconnected port WR_DATA_COUNT_I[0]
WARNING: [Synth 8-3331] design output_blk has unconnected port RD_DATA_COUNT_I[8]
WARNING: [Synth 8-3331] design output_blk has unconnected port RD_DATA_COUNT_I[7]
WARNING: [Synth 8-3331] design output_blk has unconnected port RD_DATA_COUNT_I[6]
WARNING: [Synth 8-3331] design output_blk has unconnected port RD_DATA_COUNT_I[5]
WARNING: [Synth 8-3331] design output_blk has unconnected port RD_DATA_COUNT_I[4]
WARNING: [Synth 8-3331] design output_blk has unconnected port RD_DATA_COUNT_I[3]
WARNING: [Synth 8-3331] design output_blk has unconnected port RD_DATA_COUNT_I[2]
WARNING: [Synth 8-3331] design output_blk has unconnected port RD_DATA_COUNT_I[1]
WARNING: [Synth 8-3331] design output_blk has unconnected port RD_DATA_COUNT_I[0]
WARNING: [Synth 8-3331] design output_blk has unconnected port SBITERR_I
WARNING: [Synth 8-3331] design output_blk has unconnected port DBITERR_I
WARNING: [Synth 8-3331] design input_blk has unconnected port CLK
WARNING: [Synth 8-3331] design input_blk has unconnected port INT_CLK
WARNING: [Synth 8-3331] design input_blk has unconnected port PROG_EMPTY_THRESH[11]
WARNING: [Synth 8-3331] design input_blk has unconnected port PROG_EMPTY_THRESH[10]
WARNING: [Synth 8-3331] design input_blk has unconnected port PROG_EMPTY_THRESH[9]
WARNING: [Synth 8-3331] design input_blk has unconnected port PROG_EMPTY_THRESH[8]
WARNING: [Synth 8-3331] design input_blk has unconnected port PROG_EMPTY_THRESH[7]
WARNING: [Synth 8-3331] design input_blk has unconnected port PROG_EMPTY_THRESH[6]
WARNING: [Synth 8-3331] design input_blk has unconnected port PROG_EMPTY_THRESH[5]
WARNING: [Synth 8-3331] design input_blk has unconnected port PROG_EMPTY_THRESH[4]
WARNING: [Synth 8-3331] design input_blk has unconnected port PROG_EMPTY_THRESH[3]
WARNING: [Synth 8-3331] design input_blk has unconnected port PROG_EMPTY_THRESH[2]
WARNING: [Synth 8-3331] design input_blk has unconnected port PROG_EMPTY_THRESH[1]
WARNING: [Synth 8-3331] design input_blk has unconnected port PROG_EMPTY_THRESH[0]
WARNING: [Synth 8-3331] design input_blk has unconnected port PROG_EMPTY_THRESH_ASSERT[11]
WARNING: [Synth 8-3331] design input_blk has unconnected port PROG_EMPTY_THRESH_ASSERT[10]
WARNING: [Synth 8-3331] design input_blk has unconnected port PROG_EMPTY_THRESH_ASSERT[9]
WARNING: [Synth 8-3331] design input_blk has unconnected port PROG_EMPTY_THRESH_ASSERT[8]
WARNING: [Synth 8-3331] design input_blk has unconnected port PROG_EMPTY_THRESH_ASSERT[7]
WARNING: [Synth 8-3331] design input_blk has unconnected port PROG_EMPTY_THRESH_ASSERT[6]
WARNING: [Synth 8-3331] design input_blk has unconnected port PROG_EMPTY_THRESH_ASSERT[5]
WARNING: [Synth 8-3331] design input_blk has unconnected port PROG_EMPTY_THRESH_ASSERT[4]
WARNING: [Synth 8-3331] design input_blk has unconnected port PROG_EMPTY_THRESH_ASSERT[3]
WARNING: [Synth 8-3331] design input_blk has unconnected port PROG_EMPTY_THRESH_ASSERT[2]
WARNING: [Synth 8-3331] design input_blk has unconnected port PROG_EMPTY_THRESH_ASSERT[1]
WARNING: [Synth 8-3331] design input_blk has unconnected port PROG_EMPTY_THRESH_ASSERT[0]
WARNING: [Synth 8-3331] design input_blk has unconnected port PROG_EMPTY_THRESH_NEGATE[11]
WARNING: [Synth 8-3331] design input_blk has unconnected port PROG_EMPTY_THRESH_NEGATE[10]
WARNING: [Synth 8-3331] design input_blk has unconnected port PROG_EMPTY_THRESH_NEGATE[9]
WARNING: [Synth 8-3331] design input_blk has unconnected port PROG_EMPTY_THRESH_NEGATE[8]
WARNING: [Synth 8-3331] design input_blk has unconnected port PROG_EMPTY_THRESH_NEGATE[7]
WARNING: [Synth 8-3331] design input_blk has unconnected port PROG_EMPTY_THRESH_NEGATE[6]
WARNING: [Synth 8-3331] design input_blk has unconnected port PROG_EMPTY_THRESH_NEGATE[5]
WARNING: [Synth 8-3331] design input_blk has unconnected port PROG_EMPTY_THRESH_NEGATE[4]
WARNING: [Synth 8-3331] design input_blk has unconnected port PROG_EMPTY_THRESH_NEGATE[3]
WARNING: [Synth 8-3331] design input_blk has unconnected port PROG_EMPTY_THRESH_NEGATE[2]
WARNING: [Synth 8-3331] design input_blk has unconnected port PROG_EMPTY_THRESH_NEGATE[1]
WARNING: [Synth 8-3331] design input_blk has unconnected port PROG_EMPTY_THRESH_NEGATE[0]
WARNING: [Synth 8-3331] design input_blk has unconnected port PROG_FULL_THRESH[8]
WARNING: [Synth 8-3331] design input_blk has unconnected port PROG_FULL_THRESH[7]
WARNING: [Synth 8-3331] design input_blk has unconnected port PROG_FULL_THRESH[6]
WARNING: [Synth 8-3331] design input_blk has unconnected port PROG_FULL_THRESH[5]
WARNING: [Synth 8-3331] design input_blk has unconnected port PROG_FULL_THRESH[4]
INFO: [Common 17-14] Message 'Synth 8-3331' appears 100 times and further instances of the messages will be disabled. Use the Tcl command set_msg_config to change the current settings.
---------------------------------------------------------------------------------
Finished RTL Elaboration : Time (s): cpu = 00:00:29 ; elapsed = 00:02:10 . Memory (MB): peak = 2908.082 ; gain = 195.406 ; free physical = 37496 ; free virtual = 75903
---------------------------------------------------------------------------------

Report Check Netlist: 
+------+------------------+-------+---------+-------+------------------+
|      |Item              |Errors |Warnings |Status |Description       |
+------+------------------+-------+---------+-------+------------------+
|1     |multi_driven_nets |      0|        0|Passed |Multi driven nets |
+------+------------------+-------+---------+-------+------------------+
---------------------------------------------------------------------------------
Start Handling Custom Attributes
---------------------------------------------------------------------------------
---------------------------------------------------------------------------------
Finished Handling Custom Attributes : Time (s): cpu = 00:00:30 ; elapsed = 00:02:15 . Memory (MB): peak = 2916.980 ; gain = 204.305 ; free physical = 37664 ; free virtual = 76067
---------------------------------------------------------------------------------
---------------------------------------------------------------------------------
Finished RTL Optimization Phase 1 : Time (s): cpu = 00:00:30 ; elapsed = 00:02:15 . Memory (MB): peak = 2916.980 ; gain = 204.305 ; free physical = 37665 ; free virtual = 76067
---------------------------------------------------------------------------------
INFO: [Project 1-570] Preparing netlist for logic optimization

Processing XDC Constraints
Initializing timing engine
Parsing XDC File [/home/mdl/izo5011/IkennaWorkSpace/cnn_layer_accel/hardware/ip/xcvu37p-fsvh2892-2-e/krnl1x1Bias_dwc_fifo/krnl1x1Bias_dwc_fifo_ooc.xdc] for cell 'U0'
create_clock: Time (s): cpu = 00:00:08 ; elapsed = 00:00:09 . Memory (MB): peak = 3065.758 ; gain = 5.938 ; free physical = 36121 ; free virtual = 74523
Finished Parsing XDC File [/home/mdl/izo5011/IkennaWorkSpace/cnn_layer_accel/hardware/ip/xcvu37p-fsvh2892-2-e/krnl1x1Bias_dwc_fifo/krnl1x1Bias_dwc_fifo_ooc.xdc] for cell 'U0'
Parsing XDC File [/home/mdl/izo5011/IkennaWorkSpace/cnn_layer_accel/hardware/ip/xcvu37p-fsvh2892-2-e/krnl1x1Bias_dwc_fifo/krnl1x1Bias_dwc_fifo.xdc] for cell 'U0'
Finished Parsing XDC File [/home/mdl/izo5011/IkennaWorkSpace/cnn_layer_accel/hardware/ip/xcvu37p-fsvh2892-2-e/krnl1x1Bias_dwc_fifo/krnl1x1Bias_dwc_fifo.xdc] for cell 'U0'
Parsing XDC File [/home/mdl/izo5011/IkennaWorkSpace/cnn_layer_accel/hardware/ip/xcvu37p-fsvh2892-2-e/managed_ip_project/managed_ip_project.runs/krnl1x1Bias_dwc_fifo_synth_1/dont_touch.xdc]
Finished Parsing XDC File [/home/mdl/izo5011/IkennaWorkSpace/cnn_layer_accel/hardware/ip/xcvu37p-fsvh2892-2-e/managed_ip_project/managed_ip_project.runs/krnl1x1Bias_dwc_fifo_synth_1/dont_touch.xdc]
Parsing XDC File [/home/mdl/izo5011/IkennaWorkSpace/cnn_layer_accel/hardware/ip/xcvu37p-fsvh2892-2-e/krnl1x1Bias_dwc_fifo/krnl1x1Bias_dwc_fifo_clocks.xdc] for cell 'U0'
Finished Parsing XDC File [/home/mdl/izo5011/IkennaWorkSpace/cnn_layer_accel/hardware/ip/xcvu37p-fsvh2892-2-e/krnl1x1Bias_dwc_fifo/krnl1x1Bias_dwc_fifo_clocks.xdc] for cell 'U0'
Completed Processing XDC Constraints

Netlist sorting complete. Time (s): cpu = 00:00:00 ; elapsed = 00:00:00 . Memory (MB): peak = 3065.758 ; gain = 0.000 ; free physical = 36127 ; free virtual = 74529
INFO: [Project 1-111] Unisim Transformation Summary:
No Unisim elements were transformed.

Constraint Validation Runtime : Time (s): cpu = 00:00:00.11 ; elapsed = 00:00:00.16 . Memory (MB): peak = 3065.762 ; gain = 0.004 ; free physical = 36118 ; free virtual = 74519
---------------------------------------------------------------------------------
Finished Constraint Validation : Time (s): cpu = 00:00:51 ; elapsed = 00:02:54 . Memory (MB): peak = 3065.762 ; gain = 353.086 ; free physical = 37310 ; free virtual = 75730
---------------------------------------------------------------------------------
---------------------------------------------------------------------------------
Start Loading Part and Timing Information
---------------------------------------------------------------------------------
Loading part: xcvu37p-fsvh2892-2-e
INFO: [Synth 8-6742] Reading net delay rules and data
---------------------------------------------------------------------------------
Finished Loading Part and Timing Information : Time (s): cpu = 00:00:51 ; elapsed = 00:02:54 . Memory (MB): peak = 3065.762 ; gain = 353.086 ; free physical = 37317 ; free virtual = 75733
---------------------------------------------------------------------------------
---------------------------------------------------------------------------------
Start Applying 'set_property' XDC Constraints
---------------------------------------------------------------------------------
Applied set_property DONT_TOUCH = true for U0. (constraint file  /home/mdl/izo5011/IkennaWorkSpace/cnn_layer_accel/hardware/ip/xcvu37p-fsvh2892-2-e/managed_ip_project/managed_ip_project.runs/krnl1x1Bias_dwc_fifo_synth_1/dont_touch.xdc, line 9).
---------------------------------------------------------------------------------
Finished applying 'set_property' XDC Constraints : Time (s): cpu = 00:00:51 ; elapsed = 00:02:54 . Memory (MB): peak = 3065.762 ; gain = 353.086 ; free physical = 37306 ; free virtual = 75730
---------------------------------------------------------------------------------
---------------------------------------------------------------------------------
Finished RTL Optimization Phase 2 : Time (s): cpu = 00:00:52 ; elapsed = 00:03:00 . Memory (MB): peak = 3065.762 ; gain = 353.086 ; free physical = 37339 ; free virtual = 75777
---------------------------------------------------------------------------------

Report RTL Partitions: 
+-+--------------+------------+----------+
| |RTL Partition |Replication |Instances |
+-+--------------+------------+----------+
+-+--------------+------------+----------+
---------------------------------------------------------------------------------
Start RTL Component Statistics 
---------------------------------------------------------------------------------
Detailed RTL Component Info : 
+---Registers : 
	                1 Bit    Registers := 4     
---------------------------------------------------------------------------------
Finished RTL Component Statistics 
---------------------------------------------------------------------------------
---------------------------------------------------------------------------------
Start RTL Hierarchical Component Statistics 
---------------------------------------------------------------------------------
Hierarchical RTL Component report 
Module builtin_top 
Detailed RTL Component Info : 
+---Registers : 
	                1 Bit    Registers := 4     
---------------------------------------------------------------------------------
Finished RTL Hierarchical Component Statistics
---------------------------------------------------------------------------------
---------------------------------------------------------------------------------
Start Part Resource Summary
---------------------------------------------------------------------------------
Part Resources:
DSPs: 9024 (col length:94)
BRAMs: 4032 (col length: RAMB18 288 RAMB36 144)
---------------------------------------------------------------------------------
Finished Part Resource Summary
---------------------------------------------------------------------------------
---------------------------------------------------------------------------------
Start Cross Boundary and Area Optimization
---------------------------------------------------------------------------------
Warning: Parallel synthesis criteria is not met 
---------------------------------------------------------------------------------
Finished Cross Boundary and Area Optimization : Time (s): cpu = 00:00:53 ; elapsed = 00:03:04 . Memory (MB): peak = 3065.762 ; gain = 353.086 ; free physical = 37319 ; free virtual = 75754
---------------------------------------------------------------------------------

Report RTL Partitions: 
+-+--------------+------------+----------+
| |RTL Partition |Replication |Instances |
+-+--------------+------------+----------+
+-+--------------+------------+----------+
---------------------------------------------------------------------------------
Start Applying XDC Timing Constraints
---------------------------------------------------------------------------------
---------------------------------------------------------------------------------
Finished Applying XDC Timing Constraints : Time (s): cpu = 00:01:49 ; elapsed = 00:06:32 . Memory (MB): peak = 3334.316 ; gain = 621.641 ; free physical = 33022 ; free virtual = 71454
---------------------------------------------------------------------------------
---------------------------------------------------------------------------------
Start Timing Optimization
---------------------------------------------------------------------------------
---------------------------------------------------------------------------------
Finished Timing Optimization : Time (s): cpu = 00:01:49 ; elapsed = 00:06:32 . Memory (MB): peak = 3344.332 ; gain = 631.656 ; free physical = 33005 ; free virtual = 71437
---------------------------------------------------------------------------------

Report RTL Partitions: 
+-+--------------+------------+----------+
| |RTL Partition |Replication |Instances |
+-+--------------+------------+----------+
+-+--------------+------------+----------+
---------------------------------------------------------------------------------
Start Technology Mapping
---------------------------------------------------------------------------------
---------------------------------------------------------------------------------
Finished Technology Mapping : Time (s): cpu = 00:01:49 ; elapsed = 00:06:32 . Memory (MB): peak = 3347.340 ; gain = 634.664 ; free physical = 32968 ; free virtual = 71400
---------------------------------------------------------------------------------

Report RTL Partitions: 
+-+--------------+------------+----------+
| |RTL Partition |Replication |Instances |
+-+--------------+------------+----------+
+-+--------------+------------+----------+
---------------------------------------------------------------------------------
Start IO Insertion
---------------------------------------------------------------------------------
---------------------------------------------------------------------------------
Start Flattening Before IO Insertion
---------------------------------------------------------------------------------
---------------------------------------------------------------------------------
Finished Flattening Before IO Insertion
---------------------------------------------------------------------------------
---------------------------------------------------------------------------------
Start Final Netlist Cleanup
---------------------------------------------------------------------------------
---------------------------------------------------------------------------------
Finished Final Netlist Cleanup
---------------------------------------------------------------------------------
---------------------------------------------------------------------------------
Finished IO Insertion : Time (s): cpu = 00:01:51 ; elapsed = 00:06:35 . Memory (MB): peak = 3363.188 ; gain = 650.512 ; free physical = 32944 ; free virtual = 71376
---------------------------------------------------------------------------------

Report Check Netlist: 
+------+------------------+-------+---------+-------+------------------+
|      |Item              |Errors |Warnings |Status |Description       |
+------+------------------+-------+---------+-------+------------------+
|1     |multi_driven_nets |      0|        0|Passed |Multi driven nets |
+------+------------------+-------+---------+-------+------------------+
---------------------------------------------------------------------------------
Start Renaming Generated Instances
---------------------------------------------------------------------------------
---------------------------------------------------------------------------------
Finished Renaming Generated Instances : Time (s): cpu = 00:01:51 ; elapsed = 00:06:35 . Memory (MB): peak = 3363.188 ; gain = 650.512 ; free physical = 32944 ; free virtual = 71376
---------------------------------------------------------------------------------

Report RTL Partitions: 
+-+--------------+------------+----------+
| |RTL Partition |Replication |Instances |
+-+--------------+------------+----------+
+-+--------------+------------+----------+
---------------------------------------------------------------------------------
Start Rebuilding User Hierarchy
---------------------------------------------------------------------------------
---------------------------------------------------------------------------------
Finished Rebuilding User Hierarchy : Time (s): cpu = 00:01:51 ; elapsed = 00:06:35 . Memory (MB): peak = 3363.188 ; gain = 650.512 ; free physical = 32943 ; free virtual = 71375
---------------------------------------------------------------------------------
---------------------------------------------------------------------------------
Start Renaming Generated Ports
---------------------------------------------------------------------------------
---------------------------------------------------------------------------------
Finished Renaming Generated Ports : Time (s): cpu = 00:01:51 ; elapsed = 00:06:35 . Memory (MB): peak = 3363.188 ; gain = 650.512 ; free physical = 32943 ; free virtual = 71375
---------------------------------------------------------------------------------
---------------------------------------------------------------------------------
Start Handling Custom Attributes
---------------------------------------------------------------------------------
---------------------------------------------------------------------------------
Finished Handling Custom Attributes : Time (s): cpu = 00:01:52 ; elapsed = 00:06:35 . Memory (MB): peak = 3363.188 ; gain = 650.512 ; free physical = 32942 ; free virtual = 71374
---------------------------------------------------------------------------------
---------------------------------------------------------------------------------
Start Renaming Generated Nets
---------------------------------------------------------------------------------
---------------------------------------------------------------------------------
Finished Renaming Generated Nets : Time (s): cpu = 00:01:52 ; elapsed = 00:06:35 . Memory (MB): peak = 3363.188 ; gain = 650.512 ; free physical = 32942 ; free virtual = 71374
---------------------------------------------------------------------------------
---------------------------------------------------------------------------------
Start Writing Synthesis Report
---------------------------------------------------------------------------------

Report BlackBoxes: 
+-+--------------+----------+
| |BlackBox name |Instances |
+-+--------------+----------+
+-+--------------+----------+

Report Cell Usage: 
+------+---------+------+
|      |Cell     |Count |
+------+---------+------+
|1     |FIFO36E2 |    16|
|2     |LUT1     |    32|
|3     |LUT4     |    10|
|4     |LUT5     |     2|
|5     |LUT6     |     6|
|6     |FDRE     |     1|
+------+---------+------+

Report Instance Areas: 
+------+----------------------------------------------------+-------------------------------+------+
|      |Instance                                            |Module                         |Cells |
+------+----------------------------------------------------+-------------------------------+------+
|1     |top                                                 |                               |    67|
|2     |  U0                                                |fifo_generator_v13_2_4         |    67|
|3     |    inst_fifo_gen                                   |fifo_generator_v13_2_4_synth   |    67|
|4     |      \gconvfifo.rf                                 |fifo_generator_top             |    67|
|5     |        \gbi.bi                                     |fifo_generator_v13_2_4_builtin |    67|
|6     |          \v8_fifo.fblk                             |builtin_top                    |    67|
|7     |            \rst_val_asym.gextw_asym[10].inst_extd  |builtin_extdepth               |     7|
|8     |              \gonep.inst_prim                      |builtin_prim_29                |     5|
|9     |            \rst_val_asym.gextw_asym[11].inst_extd  |builtin_extdepth_0             |     3|
|10    |              \gonep.inst_prim                      |builtin_prim_28                |     1|
|11    |            \rst_val_asym.gextw_asym[12].inst_extd  |builtin_extdepth_1             |     3|
|12    |              \gonep.inst_prim                      |builtin_prim_27                |     1|
|13    |            \rst_val_asym.gextw_asym[13].inst_extd  |builtin_extdepth_2             |     3|
|14    |              \gonep.inst_prim                      |builtin_prim_26                |     1|
|15    |            \rst_val_asym.gextw_asym[14].inst_extd  |builtin_extdepth_3             |     5|
|16    |              \gonep.inst_prim                      |builtin_prim_25                |     3|
|17    |            \rst_val_asym.gextw_asym[15].inst_extd  |builtin_extdepth_4             |     3|
|18    |              \gonep.inst_prim                      |builtin_prim_24                |     1|
|19    |            \rst_val_asym.gextw_asym[16].inst_extd  |builtin_extdepth_5             |     3|
|20    |              \gonep.inst_prim                      |builtin_prim_23                |     1|
|21    |            \rst_val_asym.gextw_asym[1].inst_extd   |builtin_extdepth_6             |     3|
|22    |              \gonep.inst_prim                      |builtin_prim_22                |     1|
|23    |            \rst_val_asym.gextw_asym[2].inst_extd   |builtin_extdepth_7             |     5|
|24    |              \gonep.inst_prim                      |builtin_prim_21                |     3|
|25    |            \rst_val_asym.gextw_asym[3].inst_extd   |builtin_extdepth_8             |     3|
|26    |              \gonep.inst_prim                      |builtin_prim_20                |     1|
|27    |            \rst_val_asym.gextw_asym[4].inst_extd   |builtin_extdepth_9             |     3|
|28    |              \gonep.inst_prim                      |builtin_prim_19                |     1|
|29    |            \rst_val_asym.gextw_asym[5].inst_extd   |builtin_extdepth_10            |     3|
|30    |              \gonep.inst_prim                      |builtin_prim_18                |     1|
|31    |            \rst_val_asym.gextw_asym[6].inst_extd   |builtin_extdepth_11            |     7|
|32    |              \gonep.inst_prim                      |builtin_prim_17                |     5|
|33    |            \rst_val_asym.gextw_asym[7].inst_extd   |builtin_extdepth_12            |     3|
|34    |              \gonep.inst_prim                      |builtin_prim_16                |     1|
|35    |            \rst_val_asym.gextw_asym[8].inst_extd   |builtin_extdepth_13            |     3|
|36    |              \gonep.inst_prim                      |builtin_prim_15                |     1|
|37    |            \rst_val_asym.gextw_asym[9].inst_extd   |builtin_extdepth_14            |     3|
|38    |              \gonep.inst_prim                      |builtin_prim                   |     1|
+------+----------------------------------------------------+-------------------------------+------+
---------------------------------------------------------------------------------
Finished Writing Synthesis Report : Time (s): cpu = 00:01:52 ; elapsed = 00:06:35 . Memory (MB): peak = 3363.188 ; gain = 650.512 ; free physical = 32941 ; free virtual = 71373
---------------------------------------------------------------------------------
Synthesis finished with 0 errors, 0 critical warnings and 486 warnings.
Synthesis Optimization Runtime : Time (s): cpu = 00:01:36 ; elapsed = 00:06:08 . Memory (MB): peak = 3363.188 ; gain = 501.730 ; free physical = 32979 ; free virtual = 71411
Synthesis Optimization Complete : Time (s): cpu = 00:01:52 ; elapsed = 00:06:35 . Memory (MB): peak = 3363.191 ; gain = 650.512 ; free physical = 33000 ; free virtual = 71432
INFO: [Project 1-571] Translating synthesized netlist
INFO: [Project 1-570] Preparing netlist for logic optimization
INFO: [Opt 31-138] Pushed 0 inverter(s) to 0 load pin(s).
Netlist sorting complete. Time (s): cpu = 00:00:00 ; elapsed = 00:00:00 . Memory (MB): peak = 3435.508 ; gain = 0.000 ; free physical = 32565 ; free virtual = 70997
INFO: [Project 1-111] Unisim Transformation Summary:
No Unisim elements were transformed.

INFO: [Common 17-83] Releasing license: Synthesis
15 Infos, 100 Warnings, 0 Critical Warnings and 0 Errors encountered.
synth_design completed successfully
synth_design: Time (s): cpu = 00:02:26 ; elapsed = 00:09:13 . Memory (MB): peak = 3435.508 ; gain = 1918.516 ; free physical = 32755 ; free virtual = 71187
Netlist sorting complete. Time (s): cpu = 00:00:00 ; elapsed = 00:00:00 . Memory (MB): peak = 3435.508 ; gain = 0.000 ; free physical = 32753 ; free virtual = 71185
WARNING: [Constraints 18-5210] No constraints selected for write.
Resolution: This message can indicate that there are no constraints for the design, or it can indicate that the used_in flags are set such that the constraints are ignored. This later case is used when running synth_design to not write synthesis constraints to the resulting checkpoint. Instead, project constraints are read when the synthesized design is opened.
INFO: [Common 17-1381] The checkpoint '/home/mdl/izo5011/IkennaWorkSpace/cnn_layer_accel/hardware/ip/xcvu37p-fsvh2892-2-e/managed_ip_project/managed_ip_project.runs/krnl1x1Bias_dwc_fifo_synth_1/krnl1x1Bias_dwc_fifo.dcp' has been generated.
write_checkpoint: Time (s): cpu = 00:00:01 ; elapsed = 00:00:06 . Memory (MB): peak = 3435.516 ; gain = 0.008 ; free physical = 33310 ; free virtual = 71791
WARNING: [Common 17-576] 'use_project_ipc' is deprecated. This option is deprecated and no longer used.
INFO: [Coretcl 2-1648] Added synthesis output to IP cache for IP krnl1x1Bias_dwc_fifo, cache-ID = 1512fcdf41f1d5d8
INFO: [Coretcl 2-1174] Renamed 37 cell refs.
Netlist sorting complete. Time (s): cpu = 00:00:00 ; elapsed = 00:00:00 . Memory (MB): peak = 3435.516 ; gain = 0.000 ; free physical = 33306 ; free virtual = 71788
WARNING: [Constraints 18-5210] No constraints selected for write.
Resolution: This message can indicate that there are no constraints for the design, or it can indicate that the used_in flags are set such that the constraints are ignored. This later case is used when running synth_design to not write synthesis constraints to the resulting checkpoint. Instead, project constraints are read when the synthesized design is opened.
INFO: [Common 17-1381] The checkpoint '/home/mdl/izo5011/IkennaWorkSpace/cnn_layer_accel/hardware/ip/xcvu37p-fsvh2892-2-e/managed_ip_project/managed_ip_project.runs/krnl1x1Bias_dwc_fifo_synth_1/krnl1x1Bias_dwc_fifo.dcp' has been generated.
write_checkpoint: Time (s): cpu = 00:00:00.91 ; elapsed = 00:00:06 . Memory (MB): peak = 3435.516 ; gain = 0.000 ; free physical = 33364 ; free virtual = 71834
INFO: [runtcl-4] Executing : report_utilization -file krnl1x1Bias_dwc_fifo_utilization_synth.rpt -pb krnl1x1Bias_dwc_fifo_utilization_synth.pb
INFO: [Common 17-206] Exiting Vivado at Wed Jun 16 18:41:37 2021...
