set_param place.closeImportedSites 1
set_param tcl.notrace 1
set_param hd.visual 0
puts "#HD: Running synthesis for block cnn_layer_accel"
file delete -force ./Synth/cnn_layer_accel
file mkdir ./Synth/cnn_layer_accel
create_project -in_memory -part xcvu37p-fsvh2892-2-e
add_files /home/mdl/izo5011/IkennaWorkSpace/accel_infst_common/hardware/verilog/utilities.svh
add_files /home/mdl/izo5011/IkennaWorkSpace/cnn_layer_accel/hardware/verilog/defs/cnn_layer_accel_FAS.svh
add_files /home/mdl/izo5011/IkennaWorkSpace/cnn_layer_accel/hardware/verilog/defs/cnn_layer_accel_FAS_pip_ctrl.svh
add_files /home/mdl/izo5011/IkennaWorkSpace/cnn_layer_accel/hardware/verilog/defs/cnn_layer_accel_QUAD.svh
add_files /home/mdl/izo5011/IkennaWorkSpace/cnn_layer_accel/hardware/verilog/defs/cnn_layer_accel_trans_fifo.svh
add_files /home/mdl/izo5011/IkennaWorkSpace/cnn_layer_accel/hardware/verilog/defs/awe.vh
add_files /home/mdl/izo5011/IkennaWorkSpace/cnn_layer_accel/hardware/verilog/defs/axi_defs.svh
add_files /home/mdl/izo5011/IkennaWorkSpace/cnn_layer_accel/hardware/verilog/defs/cnn_layer_accel_AWP.svh
add_files /home/mdl/izo5011/IkennaWorkSpace/cnn_layer_accel/hardware/verilog/defs/cnn_layer_accel_conv1x1_pip.svh
add_files /home/mdl/izo5011/IkennaWorkSpace/cnn_layer_accel/hardware/verilog/rtl/cnn_layer_accel_ce_macc_0.sv
add_files /home/mdl/izo5011/IkennaWorkSpace/cnn_layer_accel/hardware/verilog/rtl/cnn_layer_accel_ce_macc_1.sv
add_files /home/mdl/izo5011/IkennaWorkSpace/cnn_layer_accel/hardware/verilog/rtl/cnn_layer_accel_conv1x1_pip.sv
add_files /home/mdl/izo5011/IkennaWorkSpace/cnn_layer_accel/hardware/verilog/rtl/cnn_layer_accel_FAS.sv
add_files /home/mdl/izo5011/IkennaWorkSpace/cnn_layer_accel/hardware/verilog/rtl/cnn_layer_accel_FAS_pip_ctrl.sv
add_files /home/mdl/izo5011/IkennaWorkSpace/cnn_layer_accel/hardware/verilog/rtl/cnn_layer_accel_FAS_vec_add.sv
add_files /home/mdl/izo5011/IkennaWorkSpace/cnn_layer_accel/hardware/verilog/rtl/cnn_layer_accel_prefetch_buffer.sv
add_files /home/mdl/izo5011/IkennaWorkSpace/cnn_layer_accel/hardware/verilog/rtl/cnn_layer_accel_quad.sv
add_files /home/mdl/izo5011/IkennaWorkSpace/cnn_layer_accel/hardware/verilog/rtl/cnn_layer_accel_quad_bram_ctrl.sv
add_files /home/mdl/izo5011/IkennaWorkSpace/cnn_layer_accel/hardware/verilog/rtl/cnn_layer_accel_trans_eg_fifo.sv
add_files /home/mdl/izo5011/IkennaWorkSpace/cnn_layer_accel/hardware/verilog/rtl/cnn_layer_accel_trans_in_fifo.sv
add_files /home/mdl/izo5011/IkennaWorkSpace/cnn_layer_accel/hardware/verilog/rtl/cnn_layer_accel_weight_sequence_table0.sv
add_files /home/mdl/izo5011/IkennaWorkSpace/cnn_layer_accel/hardware/verilog/rtl/cnn_layer_accel_weight_sequence_table1.sv
add_files /home/mdl/izo5011/IkennaWorkSpace/cnn_layer_accel/hardware/verilog/rtl/cnn_layer_accel_weight_table_top.sv
add_files /home/mdl/izo5011/IkennaWorkSpace/cnn_layer_accel/hardware/verilog/rtl/awe_dsp_input_mux.sv
add_files /home/mdl/izo5011/IkennaWorkSpace/cnn_layer_accel/hardware/verilog/rtl/cnn_layer_accel.sv
add_files /home/mdl/izo5011/IkennaWorkSpace/cnn_layer_accel/hardware/verilog/rtl/cnn_layer_accel_awe_dsps.sv
add_files /home/mdl/izo5011/IkennaWorkSpace/cnn_layer_accel/hardware/verilog/rtl/cnn_layer_accel_awe_rowbuffers.sv
add_files /home/mdl/izo5011/IkennaWorkSpace/cnn_layer_accel/hardware/verilog/rtl/cnn_layer_accel_awe_stride_picker.sv
add_files /home/mdl/izo5011/IkennaWorkSpace/cnn_layer_accel/hardware/verilog/rtl/cnn_layer_accel_AWP.sv
add_files /home/mdl/izo5011/IkennaWorkSpace/cnn_layer_accel/hardware/verilog/rtl/cnn_layer_accel_axi_bridge.sv
add_files /home/mdl/izo5011/IkennaWorkSpace/cnn_layer_accel/hardware/verilog/rtl/cnn_layer_accel_ce_dsps.sv
synth_design -mode out_of_context -flatten_hierarchy rebuilt -top cnn_layer_accel -part xcvu37p-fsvh2892-2-e
write_checkpoint -force ./Synth/cnn_layer_accel/cnn_layer_accel_synth_design_error.dcp
