#-----------------------------------------------------------
# Vivado v2019.1 (64-bit)
# SW Build 2552052 on Fri May 24 14:47:09 MDT 2019
# IP Build 2548770 on Fri May 24 18:01:18 MDT 2019
# Start of session at: Wed Nov 17 02:23:25 2021
# Process ID: 25696
# Current directory: /home/mdl/izo5011/IkennaWorkSpace/cnn_layer_accel/hardware/viv2019.1_proj
# Command line: vivado -mode batch -source design.tcl -notrace
# Log file: /home/mdl/izo5011/IkennaWorkSpace/cnn_layer_accel/hardware/viv2019.1_proj/vivado.log
# Journal file: /home/mdl/izo5011/IkennaWorkSpace/cnn_layer_accel/hardware/viv2019.1_proj/vivado.jou
#-----------------------------------------------------------
source design.tcl -notrace
#HD: Setting Tcl Params:
	place.closeImportedSites == 1
	tcl.notrace == 1
	hd.visual == 0
#HD: Running synthesis for block cnn_layer_accel
	Writing results to: ./Synth/cnn_layer_accel
	Parsing PRJ file: ./Sources/prj/cnn_layer_accel.prj
	WARNING: No XDC file specified for cnn_layer_accel
Command: synth_design -mode out_of_context -flatten_hierarchy rebuilt -top cnn_layer_accel -part xcvu37p-fsvh2892-2-e
Starting synth_design
Attempting to get a license for feature 'Synthesis' and/or device 'xcvu37p'
