#-----------------------------------------------------------
# Vivado v2019.1 (64-bit)
# SW Build 2552052 on Fri May 24 14:47:09 MDT 2019
# IP Build 2548770 on Fri May 24 18:01:18 MDT 2019
# Start of session at: Wed Nov 17 18:34:59 2021
# Process ID: 25097
# Current directory: /home/mdl/izo5011/IkennaWorkSpace/cnn_layer_accel/hardware/viv2019.1_proj
# Command line: vivado -mode batch -source design.tcl -notrace
# Log file: /home/mdl/izo5011/IkennaWorkSpace/cnn_layer_accel/hardware/viv2019.1_proj/vivado.log
# Journal file: /home/mdl/izo5011/IkennaWorkSpace/cnn_layer_accel/hardware/viv2019.1_proj/vivado.jou
#-----------------------------------------------------------
source design.tcl -notrace
#HD: Setting Tcl Params:
	place.closeImportedSites == 1
	tcl.notrace == 1
	hd.visual == 0
#HD: Running synthesis for block cnn_layer_accel
	Writing results to: ./Synth//cnn_layer_accel
	Parsing PRJ file: ./Sources//prj//cnn_layer_accel.prj
INFO: [IP_Flow 19-234] Refreshing IP repositories
INFO: [IP_Flow 19-1704] No user IP repositories specified
INFO: [IP_Flow 19-2313] Loaded Vivado IP repository '/home/software/vivado-2019.1/Vivado/2019.1/data/ip'.
add_files: Time (s): cpu = 00:00:04 ; elapsed = 00:00:07 . Memory (MB): peak = 1423.660 ; gain = 37.688 ; free physical = 50404 ; free virtual = 108579
CRITICAL WARNING: [Vivado 12-3645] Please note that adding or importing multiple files, one at a time, can be performance intensive.  Both add_files and import_files commands accept multiple files as input, and passing a collection of multiple files to a single add_files or import_files commands can offer significant performance improvement.
ERROR: Could not find specified IP file: ../ip_viv2019.1/xcvu37p-fsvh2892-2-e//clk_wz/clk_wz.xci
    while executing
"error $errMsg"
    ("foreach" body line 21)
    invoked from within
"foreach ip $ips {
      if {[string length ip] > 0} { 
         if {[file exists $ip]} {
            set ip_split [split $ip "/"] 
            set xci..."
    (procedure "add_ip" line 4)
    invoked from within
"add_ip $ip"
    (procedure "synth" line 65)
    invoked from within
"synth $module"
    ("foreach" body line 5)
    invoked from within
"foreach module $modules {
      if {[get_module_attribute $module synth]} {
       puts $rfh "\n#HD: Running synthesis for block $module"
       comma..."
    invoked from within
"if {[llength $modules] > 0} {
   foreach module $modules {
      if {[get_module_attribute $module synth]} {
       puts $rfh "\n#HD: Running synthesi..."
    (file "./Tcl/run.tcl" line 29)

    while executing
"source $tclDir/run.tcl"
    (file "design.tcl" line 100)
INFO: [Common 17-206] Exiting Vivado at Wed Nov 17 18:35:29 2021...
