#-----------------------------------------------------------
# Vivado v2019.1 (64-bit)
# SW Build 2552052 on Fri May 24 14:47:09 MDT 2019
# IP Build 2548770 on Fri May 24 18:01:18 MDT 2019
# Start of session at: Wed Nov 17 02:23:49 2021
# Process ID: 25788
# Current directory: /home/mdl/izo5011/IkennaWorkSpace/cnn_layer_accel/hardware/viv2019.1_proj
# Command line: vivado -mode batch -source design.tcl -notrace
# Log file: /home/mdl/izo5011/IkennaWorkSpace/cnn_layer_accel/hardware/viv2019.1_proj/vivado.log
# Journal file: /home/mdl/izo5011/IkennaWorkSpace/cnn_layer_accel/hardware/viv2019.1_proj/vivado.jou
#-----------------------------------------------------------
source design.tcl -notrace
#HD: Setting Tcl Params:
	place.closeImportedSites == 1
	tcl.notrace == 1
	hd.visual == 0
#HD: Running synthesis for block cnn_layer_accel
ERROR: file command failed.
	file delete -force ./Synth/cnn_layer_accel

    while executing
"error $errMsg"
    (procedure "command" line 31)
    invoked from within
"command "file delete -force $resultDir""
    (procedure "synth" line 31)
    invoked from within
"synth $module"
    ("foreach" body line 5)
    invoked from within
"foreach module $modules {
      if {[get_module_attribute $module synth]} {
       puts $rfh "\n#HD: Running synthesis for block $module"
       comma..."
    invoked from within
"if {[llength $modules] > 0} {
   foreach module $modules {
      if {[get_module_attribute $module synth]} {
       puts $rfh "\n#HD: Running synthesi..."
    (file "./Tcl/run.tcl" line 29)

    while executing
"source $tclDir/run.tcl"
    (file "design.tcl" line 77)
INFO: [Common 17-206] Exiting Vivado at Wed Nov 17 02:24:02 2021...
