INFO: [VRFC 10-2263] Analyzing Verilog file "/home/mdl/izo5011/IkennaWorkSpace/cnn_layer_accel/hardware/ip/xcvu37p-fsvh2892-2-e/ddr4_0_ex/ddr4_0_ex.srcs/sources_1/ip/ddr4_0/bd_0/ip/ip_6/sim/bd_9054_lmb_bram_I_0.v" into library xil_defaultlib
INFO: [VRFC 10-311] analyzing module bd_9054_lmb_bram_I_0
INFO: [VRFC 10-2263] Analyzing Verilog file "/home/mdl/izo5011/IkennaWorkSpace/cnn_layer_accel/hardware/ip/xcvu37p-fsvh2892-2-e/ddr4_0_ex/ddr4_0_ex.srcs/sources_1/ip/ddr4_0/bd_0/ip/ip_9/sim/bd_9054_second_lmb_bram_I_0.v" into library xil_defaultlib
INFO: [VRFC 10-311] analyzing module bd_9054_second_lmb_bram_I_0
INFO: [VRFC 10-2263] Analyzing Verilog file "/home/mdl/izo5011/IkennaWorkSpace/cnn_layer_accel/hardware/ip/xcvu37p-fsvh2892-2-e/ddr4_0_ex/ddr4_0_ex.srcs/sources_1/ip/ddr4_0/bd_0/sim/bd_9054.v" into library xil_defaultlib
INFO: [VRFC 10-311] analyzing module bd_9054
INFO: [VRFC 10-2263] Analyzing Verilog file "/home/mdl/izo5011/IkennaWorkSpace/cnn_layer_accel/hardware/ip/xcvu37p-fsvh2892-2-e/ddr4_0_ex/ddr4_0_ex.srcs/sources_1/ip/ddr4_0/ip_0/sim/ddr4_0_microblaze_mcs.v" into library xil_defaultlib
INFO: [VRFC 10-311] analyzing module ddr4_0_microblaze_mcs
INFO: [VRFC 10-2263] Analyzing SystemVerilog file "/home/mdl/izo5011/IkennaWorkSpace/cnn_layer_accel/hardware/ip/xcvu37p-fsvh2892-2-e/ddr4_0_ex/ddr4_0_ex.srcs/sources_1/ip/ddr4_0/ip_1/rtl/phy/ddr4_phy_v2_2_xiphy_behav.sv" into library xil_defaultlib
INFO: [VRFC 10-311] analyzing module ddr4_phy_v2_2_0_xiphy_behav
INFO: [VRFC 10-311] analyzing module ddr4_phy_v2_2_0_bitslice_behav
INFO: [VRFC 10-311] analyzing module ddr4_phy_v2_2_0_fifo_sv
INFO: [VRFC 10-2263] Analyzing SystemVerilog file "/home/mdl/izo5011/IkennaWorkSpace/cnn_layer_accel/hardware/ip/xcvu37p-fsvh2892-2-e/ddr4_0_ex/ddr4_0_ex.srcs/sources_1/ip/ddr4_0/ip_1/rtl/phy/ddr4_phy_v2_2_xiphy.sv" into library xil_defaultlib
INFO: [VRFC 10-311] analyzing module ddr4_phy_v2_2_0_xiphy
INFO: [VRFC 10-2263] Analyzing SystemVerilog file "/home/mdl/izo5011/IkennaWorkSpace/cnn_layer_accel/hardware/ip/xcvu37p-fsvh2892-2-e/ddr4_0_ex/ddr4_0_ex.srcs/sources_1/ip/ddr4_0/ip_1/rtl/iob/ddr4_phy_v2_2_iob_byte.sv" into library xil_defaultlib
INFO: [VRFC 10-311] analyzing module ddr4_phy_v2_2_0_iob_byte
INFO: [VRFC 10-2263] Analyzing SystemVerilog file "/home/mdl/izo5011/IkennaWorkSpace/cnn_layer_accel/hardware/ip/xcvu37p-fsvh2892-2-e/ddr4_0_ex/ddr4_0_ex.srcs/sources_1/ip/ddr4_0/ip_1/rtl/iob/ddr4_phy_v2_2_iob.sv" into library xil_defaultlib
INFO: [VRFC 10-311] analyzing module ddr4_phy_v2_2_0_iob
INFO: [VRFC 10-2263] Analyzing SystemVerilog file "/home/mdl/izo5011/IkennaWorkSpace/cnn_layer_accel/hardware/ip/xcvu37p-fsvh2892-2-e/ddr4_0_ex/ddr4_0_ex.srcs/sources_1/ip/ddr4_0/ip_1/rtl/clocking/ddr4_phy_v2_2_pll.sv" into library xil_defaultlib
INFO: [VRFC 10-311] analyzing module ddr4_phy_v2_2_0_pll
INFO: [VRFC 10-2263] Analyzing SystemVerilog file "/home/mdl/izo5011/IkennaWorkSpace/cnn_layer_accel/hardware/ip/xcvu37p-fsvh2892-2-e/ddr4_0_ex/ddr4_0_ex.srcs/sources_1/ip/ddr4_0/ip_1/rtl/xiphy_files/ddr4_phy_v2_2_xiphy_tristate_wrapper.sv" into library xil_defaultlib
INFO: [VRFC 10-311] analyzing module ddr4_phy_v2_2_0_xiphy_tristate_wrapper
INFO: [VRFC 10-2263] Analyzing SystemVerilog file "/home/mdl/izo5011/IkennaWorkSpace/cnn_layer_accel/hardware/ip/xcvu37p-fsvh2892-2-e/ddr4_0_ex/ddr4_0_ex.srcs/sources_1/ip/ddr4_0/ip_1/rtl/xiphy_files/ddr4_phy_v2_2_xiphy_riuor_wrapper.sv" into library xil_defaultlib
INFO: [VRFC 10-311] analyzing module ddr4_phy_v2_2_0_xiphy_riuor_wrapper
INFO: [VRFC 10-2263] Analyzing SystemVerilog file "/home/mdl/izo5011/IkennaWorkSpace/cnn_layer_accel/hardware/ip/xcvu37p-fsvh2892-2-e/ddr4_0_ex/ddr4_0_ex.srcs/sources_1/ip/ddr4_0/ip_1/rtl/xiphy_files/ddr4_phy_v2_2_xiphy_control_wrapper.sv" into library xil_defaultlib
INFO: [VRFC 10-311] analyzing module ddr4_phy_v2_2_0_xiphy_control_wrapper
INFO: [VRFC 10-2263] Analyzing SystemVerilog file "/home/mdl/izo5011/IkennaWorkSpace/cnn_layer_accel/hardware/ip/xcvu37p-fsvh2892-2-e/ddr4_0_ex/ddr4_0_ex.srcs/sources_1/ip/ddr4_0/ip_1/rtl/xiphy_files/ddr4_phy_v2_2_xiphy_byte_wrapper.sv" into library xil_defaultlib
INFO: [VRFC 10-311] analyzing module ddr4_phy_v2_2_0_xiphy_byte_wrapper
INFO: [VRFC 10-2263] Analyzing SystemVerilog file "/home/mdl/izo5011/IkennaWorkSpace/cnn_layer_accel/hardware/ip/xcvu37p-fsvh2892-2-e/ddr4_0_ex/ddr4_0_ex.srcs/sources_1/ip/ddr4_0/ip_1/rtl/xiphy_files/ddr4_phy_v2_2_xiphy_bitslice_wrapper.sv" into library xil_defaultlib
INFO: [VRFC 10-311] analyzing module ddr4_phy_v2_2_0_xiphy_bitslice_wrapper
INFO: [VRFC 10-2263] Analyzing SystemVerilog file "/home/mdl/izo5011/IkennaWorkSpace/cnn_layer_accel/hardware/ip/xcvu37p-fsvh2892-2-e/ddr4_0_ex/ddr4_0_ex.srcs/sources_1/ip/ddr4_0/ip_1/rtl/phy/ddr4_0_phy_ddr4.sv" into library xil_defaultlib
INFO: [VRFC 10-311] analyzing module ddr4_0_phy_ddr4
INFO: [VRFC 10-2263] Analyzing SystemVerilog file "/home/mdl/izo5011/IkennaWorkSpace/cnn_layer_accel/hardware/ip/xcvu37p-fsvh2892-2-e/ddr4_0_ex/ddr4_0_ex.srcs/sources_1/ip/ddr4_0/ip_1/rtl/ip_top/ddr4_0_phy.sv" into library xil_defaultlib
INFO: [VRFC 10-311] analyzing module ddr4_0_phy
INFO: [VRFC 10-2263] Analyzing SystemVerilog file "/home/mdl/izo5011/IkennaWorkSpace/cnn_layer_accel/hardware/ip/xcvu37p-fsvh2892-2-e/ddr4_0_ex/ddr4_0_ex.srcs/sources_1/ip/ddr4_0/rtl/controller/ddr4_v2_2_mc_wtr.sv" into library xil_defaultlib
INFO: [VRFC 10-311] analyzing module ddr4_v2_2_6_mc_wtr
INFO: [VRFC 10-2263] Analyzing SystemVerilog file "/home/mdl/izo5011/IkennaWorkSpace/cnn_layer_accel/hardware/ip/xcvu37p-fsvh2892-2-e/ddr4_0_ex/ddr4_0_ex.srcs/sources_1/ip/ddr4_0/rtl/controller/ddr4_v2_2_mc_ref.sv" into library xil_defaultlib
INFO: [VRFC 10-311] analyzing module ddr4_v2_2_6_mc_ref
INFO: [VRFC 10-2263] Analyzing SystemVerilog file "/home/mdl/izo5011/IkennaWorkSpace/cnn_layer_accel/hardware/ip/xcvu37p-fsvh2892-2-e/ddr4_0_ex/ddr4_0_ex.srcs/sources_1/ip/ddr4_0/rtl/controller/ddr4_v2_2_mc_rd_wr.sv" into library xil_defaultlib
INFO: [VRFC 10-311] analyzing module ddr4_v2_2_6_mc_rd_wr
INFO: [VRFC 10-2263] Analyzing SystemVerilog file "/home/mdl/izo5011/IkennaWorkSpace/cnn_layer_accel/hardware/ip/xcvu37p-fsvh2892-2-e/ddr4_0_ex/ddr4_0_ex.srcs/sources_1/ip/ddr4_0/rtl/controller/ddr4_v2_2_mc_periodic.sv" into library xil_defaultlib
INFO: [VRFC 10-311] analyzing module ddr4_v2_2_6_mc_periodic
INFO: [VRFC 10-2263] Analyzing SystemVerilog file "/home/mdl/izo5011/IkennaWorkSpace/cnn_layer_accel/hardware/ip/xcvu37p-fsvh2892-2-e/ddr4_0_ex/ddr4_0_ex.srcs/sources_1/ip/ddr4_0/rtl/controller/ddr4_v2_2_mc_group.sv" into library xil_defaultlib
INFO: [VRFC 10-311] analyzing module ddr4_v2_2_6_mc_group
INFO: [VRFC 10-2263] Analyzing SystemVerilog file "/home/mdl/izo5011/IkennaWorkSpace/cnn_layer_accel/hardware/ip/xcvu37p-fsvh2892-2-e/ddr4_0_ex/ddr4_0_ex.srcs/sources_1/ip/ddr4_0/rtl/controller/ddr4_v2_2_mc_ecc_merge_enc.sv" into library xil_defaultlib
INFO: [VRFC 10-311] analyzing module ddr4_v2_2_6_mc_ecc_merge_enc
INFO: [VRFC 10-2263] Analyzing SystemVerilog file "/home/mdl/izo5011/IkennaWorkSpace/cnn_layer_accel/hardware/ip/xcvu37p-fsvh2892-2-e/ddr4_0_ex/ddr4_0_ex.srcs/sources_1/ip/ddr4_0/rtl/controller/ddr4_v2_2_mc_ecc_gen.sv" into library xil_defaultlib
INFO: [VRFC 10-311] analyzing module ddr4_v2_2_6_mc_ecc_gen
INFO: [VRFC 10-2263] Analyzing SystemVerilog file "/home/mdl/izo5011/IkennaWorkSpace/cnn_layer_accel/hardware/ip/xcvu37p-fsvh2892-2-e/ddr4_0_ex/ddr4_0_ex.srcs/sources_1/ip/ddr4_0/rtl/controller/ddr4_v2_2_mc_ecc_fi_xor.sv" into library xil_defaultlib
INFO: [VRFC 10-311] analyzing module ddr4_v2_2_6_mc_ecc_fi_xor
WARNING: [VRFC 10-2821] generate block is allowed only inside loop and conditional generate in SystemVerilog mode [/home/mdl/izo5011/IkennaWorkSpace/cnn_layer_accel/hardware/ip/xcvu37p-fsvh2892-2-e/ddr4_0_ex/ddr4_0_ex.srcs/sources_1/ip/ddr4_0/rtl/controller/ddr4_v2_2_mc_ecc_fi_xor.sv:125]
INFO: [VRFC 10-2263] Analyzing SystemVerilog file "/home/mdl/izo5011/IkennaWorkSpace/cnn_layer_accel/hardware/ip/xcvu37p-fsvh2892-2-e/ddr4_0_ex/ddr4_0_ex.srcs/sources_1/ip/ddr4_0/rtl/controller/ddr4_v2_2_mc_ecc_dec_fix.sv" into library xil_defaultlib
INFO: [VRFC 10-311] analyzing module ddr4_v2_2_6_mc_ecc_dec_fix
INFO: [VRFC 10-2263] Analyzing SystemVerilog file "/home/mdl/izo5011/IkennaWorkSpace/cnn_layer_accel/hardware/ip/xcvu37p-fsvh2892-2-e/ddr4_0_ex/ddr4_0_ex.srcs/sources_1/ip/ddr4_0/rtl/controller/ddr4_v2_2_mc_ecc_buf.sv" into library xil_defaultlib
INFO: [VRFC 10-311] analyzing module ddr4_v2_2_6_mc_ecc_buf
WARNING: [VRFC 10-2821] generate block is allowed only inside loop and conditional generate in SystemVerilog mode [/home/mdl/izo5011/IkennaWorkSpace/cnn_layer_accel/hardware/ip/xcvu37p-fsvh2892-2-e/ddr4_0_ex/ddr4_0_ex.srcs/sources_1/ip/ddr4_0/rtl/controller/ddr4_v2_2_mc_ecc_buf.sv:135]
INFO: [VRFC 10-2263] Analyzing SystemVerilog file "/home/mdl/izo5011/IkennaWorkSpace/cnn_layer_accel/hardware/ip/xcvu37p-fsvh2892-2-e/ddr4_0_ex/ddr4_0_ex.srcs/sources_1/ip/ddr4_0/rtl/controller/ddr4_v2_2_mc_ecc.sv" into library xil_defaultlib
INFO: [VRFC 10-311] analyzing module ddr4_v2_2_6_mc_ecc
INFO: [VRFC 10-2263] Analyzing SystemVerilog file "/home/mdl/izo5011/IkennaWorkSpace/cnn_layer_accel/hardware/ip/xcvu37p-fsvh2892-2-e/ddr4_0_ex/ddr4_0_ex.srcs/sources_1/ip/ddr4_0/rtl/controller/ddr4_v2_2_mc_ctl.sv" into library xil_defaultlib
INFO: [VRFC 10-311] analyzing module ddr4_v2_2_6_mc_ctl
INFO: [VRFC 10-2263] Analyzing SystemVerilog file "/home/mdl/izo5011/IkennaWorkSpace/cnn_layer_accel/hardware/ip/xcvu37p-fsvh2892-2-e/ddr4_0_ex/ddr4_0_ex.srcs/sources_1/ip/ddr4_0/rtl/controller/ddr4_v2_2_mc_cmd_mux_c.sv" into library xil_defaultlib
INFO: [VRFC 10-311] analyzing module ddr4_v2_2_6_mc_cmd_mux_c
INFO: [VRFC 10-2263] Analyzing SystemVerilog file "/home/mdl/izo5011/IkennaWorkSpace/cnn_layer_accel/hardware/ip/xcvu37p-fsvh2892-2-e/ddr4_0_ex/ddr4_0_ex.srcs/sources_1/ip/ddr4_0/rtl/controller/ddr4_v2_2_mc_cmd_mux_ap.sv" into library xil_defaultlib
INFO: [VRFC 10-311] analyzing module ddr4_v2_2_6_mc_cmd_mux_ap
INFO: [VRFC 10-2263] Analyzing SystemVerilog file "/home/mdl/izo5011/IkennaWorkSpace/cnn_layer_accel/hardware/ip/xcvu37p-fsvh2892-2-e/ddr4_0_ex/ddr4_0_ex.srcs/sources_1/ip/ddr4_0/rtl/controller/ddr4_v2_2_mc_arb_p.sv" into library xil_defaultlib
INFO: [VRFC 10-311] analyzing module ddr4_v2_2_6_mc_arb_p
INFO: [VRFC 10-2263] Analyzing SystemVerilog file "/home/mdl/izo5011/IkennaWorkSpace/cnn_layer_accel/hardware/ip/xcvu37p-fsvh2892-2-e/ddr4_0_ex/ddr4_0_ex.srcs/sources_1/ip/ddr4_0/rtl/controller/ddr4_v2_2_mc_arb_mux_p.sv" into library xil_defaultlib
INFO: [VRFC 10-311] analyzing module ddr4_v2_2_6_mc_arb_mux_p
INFO: [VRFC 10-2263] Analyzing SystemVerilog file "/home/mdl/izo5011/IkennaWorkSpace/cnn_layer_accel/hardware/ip/xcvu37p-fsvh2892-2-e/ddr4_0_ex/ddr4_0_ex.srcs/sources_1/ip/ddr4_0/rtl/controller/ddr4_v2_2_mc_arb_c.sv" into library xil_defaultlib
INFO: [VRFC 10-311] analyzing module ddr4_v2_2_6_mc_arb_c
INFO: [VRFC 10-2263] Analyzing SystemVerilog file "/home/mdl/izo5011/IkennaWorkSpace/cnn_layer_accel/hardware/ip/xcvu37p-fsvh2892-2-e/ddr4_0_ex/ddr4_0_ex.srcs/sources_1/ip/ddr4_0/rtl/controller/ddr4_v2_2_mc_arb_a.sv" into library xil_defaultlib
INFO: [VRFC 10-311] analyzing module ddr4_v2_2_6_mc_arb_a
INFO: [VRFC 10-2263] Analyzing SystemVerilog file "/home/mdl/izo5011/IkennaWorkSpace/cnn_layer_accel/hardware/ip/xcvu37p-fsvh2892-2-e/ddr4_0_ex/ddr4_0_ex.srcs/sources_1/ip/ddr4_0/rtl/controller/ddr4_v2_2_mc_act_timer.sv" into library xil_defaultlib
INFO: [VRFC 10-311] analyzing module ddr4_v2_2_6_mc_act_timer
INFO: [VRFC 10-2263] Analyzing SystemVerilog file "/home/mdl/izo5011/IkennaWorkSpace/cnn_layer_accel/hardware/ip/xcvu37p-fsvh2892-2-e/ddr4_0_ex/ddr4_0_ex.srcs/sources_1/ip/ddr4_0/rtl/controller/ddr4_v2_2_mc_act_rank.sv" into library xil_defaultlib
INFO: [VRFC 10-311] analyzing module ddr4_v2_2_6_mc_act_rank
INFO: [VRFC 10-2263] Analyzing SystemVerilog file "/home/mdl/izo5011/IkennaWorkSpace/cnn_layer_accel/hardware/ip/xcvu37p-fsvh2892-2-e/ddr4_0_ex/ddr4_0_ex.srcs/sources_1/ip/ddr4_0/rtl/controller/ddr4_v2_2_mc.sv" into library xil_defaultlib
INFO: [VRFC 10-311] analyzing module ddr4_v2_2_6_mc
INFO: [VRFC 10-2263] Analyzing SystemVerilog file "/home/mdl/izo5011/IkennaWorkSpace/cnn_layer_accel/hardware/ip/xcvu37p-fsvh2892-2-e/ddr4_0_ex/ddr4_0_ex.srcs/sources_1/ip/ddr4_0/rtl/ui/ddr4_v2_2_ui_wr_data.sv" into library xil_defaultlib
INFO: [VRFC 10-311] analyzing module ddr4_v2_2_6_ui_wr_data
INFO: [VRFC 10-2263] Analyzing SystemVerilog file "/home/mdl/izo5011/IkennaWorkSpace/cnn_layer_accel/hardware/ip/xcvu37p-fsvh2892-2-e/ddr4_0_ex/ddr4_0_ex.srcs/sources_1/ip/ddr4_0/rtl/ui/ddr4_v2_2_ui_rd_data.sv" into library xil_defaultlib
INFO: [VRFC 10-311] analyzing module ddr4_v2_2_6_ui_rd_data
INFO: [VRFC 10-2263] Analyzing SystemVerilog file "/home/mdl/izo5011/IkennaWorkSpace/cnn_layer_accel/hardware/ip/xcvu37p-fsvh2892-2-e/ddr4_0_ex/ddr4_0_ex.srcs/sources_1/ip/ddr4_0/rtl/ui/ddr4_v2_2_ui_cmd.sv" into library xil_defaultlib
INFO: [VRFC 10-311] analyzing module ddr4_v2_2_6_ui_cmd
INFO: [VRFC 10-2263] Analyzing SystemVerilog file "/home/mdl/izo5011/IkennaWorkSpace/cnn_layer_accel/hardware/ip/xcvu37p-fsvh2892-2-e/ddr4_0_ex/ddr4_0_ex.srcs/sources_1/ip/ddr4_0/rtl/ui/ddr4_v2_2_ui.sv" into library xil_defaultlib
INFO: [VRFC 10-311] analyzing module ddr4_v2_2_6_ui
INFO: [VRFC 10-2263] Analyzing SystemVerilog file "/home/mdl/izo5011/IkennaWorkSpace/cnn_layer_accel/hardware/ip/xcvu37p-fsvh2892-2-e/ddr4_0_ex/ddr4_0_ex.srcs/sources_1/ip/ddr4_0/rtl/axi/ddr4_v2_2_axi_ar_channel.sv" into library xil_defaultlib
INFO: [VRFC 10-311] analyzing module ddr4_v2_2_6_axi_ar_channel
INFO: [VRFC 10-2263] Analyzing SystemVerilog file "/home/mdl/izo5011/IkennaWorkSpace/cnn_layer_accel/hardware/ip/xcvu37p-fsvh2892-2-e/ddr4_0_ex/ddr4_0_ex.srcs/sources_1/ip/ddr4_0/rtl/axi/ddr4_v2_2_axi_aw_channel.sv" into library xil_defaultlib
INFO: [VRFC 10-311] analyzing module ddr4_v2_2_6_axi_aw_channel
INFO: [VRFC 10-2263] Analyzing SystemVerilog file "/home/mdl/izo5011/IkennaWorkSpace/cnn_layer_accel/hardware/ip/xcvu37p-fsvh2892-2-e/ddr4_0_ex/ddr4_0_ex.srcs/sources_1/ip/ddr4_0/rtl/axi/ddr4_v2_2_axi_b_channel.sv" into library xil_defaultlib
INFO: [VRFC 10-311] analyzing module ddr4_v2_2_6_axi_b_channel
INFO: [VRFC 10-2263] Analyzing SystemVerilog file "/home/mdl/izo5011/IkennaWorkSpace/cnn_layer_accel/hardware/ip/xcvu37p-fsvh2892-2-e/ddr4_0_ex/ddr4_0_ex.srcs/sources_1/ip/ddr4_0/rtl/axi/ddr4_v2_2_axi_cmd_arbiter.sv" into library xil_defaultlib
INFO: [VRFC 10-311] analyzing module ddr4_v2_2_6_axi_cmd_arbiter
INFO: [VRFC 10-2263] Analyzing SystemVerilog file "/home/mdl/izo5011/IkennaWorkSpace/cnn_layer_accel/hardware/ip/xcvu37p-fsvh2892-2-e/ddr4_0_ex/ddr4_0_ex.srcs/sources_1/ip/ddr4_0/rtl/axi/ddr4_v2_2_axi_cmd_fsm.sv" into library xil_defaultlib
INFO: [VRFC 10-311] analyzing module ddr4_v2_2_6_axi_cmd_fsm
INFO: [VRFC 10-2263] Analyzing SystemVerilog file "/home/mdl/izo5011/IkennaWorkSpace/cnn_layer_accel/hardware/ip/xcvu37p-fsvh2892-2-e/ddr4_0_ex/ddr4_0_ex.srcs/sources_1/ip/ddr4_0/rtl/axi/ddr4_v2_2_axi_cmd_translator.sv" into library xil_defaultlib
INFO: [VRFC 10-311] analyzing module ddr4_v2_2_6_axi_cmd_translator
INFO: [VRFC 10-2263] Analyzing SystemVerilog file "/home/mdl/izo5011/IkennaWorkSpace/cnn_layer_accel/hardware/ip/xcvu37p-fsvh2892-2-e/ddr4_0_ex/ddr4_0_ex.srcs/sources_1/ip/ddr4_0/rtl/axi/ddr4_v2_2_axi_fifo.sv" into library xil_defaultlib
INFO: [VRFC 10-311] analyzing module ddr4_v2_2_6_axi_fifo
INFO: [VRFC 10-2263] Analyzing SystemVerilog file "/home/mdl/izo5011/IkennaWorkSpace/cnn_layer_accel/hardware/ip/xcvu37p-fsvh2892-2-e/ddr4_0_ex/ddr4_0_ex.srcs/sources_1/ip/ddr4_0/rtl/axi/ddr4_v2_2_axi_incr_cmd.sv" into library xil_defaultlib
INFO: [VRFC 10-311] analyzing module ddr4_v2_2_6_axi_incr_cmd
INFO: [VRFC 10-2263] Analyzing SystemVerilog file "/home/mdl/izo5011/IkennaWorkSpace/cnn_layer_accel/hardware/ip/xcvu37p-fsvh2892-2-e/ddr4_0_ex/ddr4_0_ex.srcs/sources_1/ip/ddr4_0/rtl/axi/ddr4_v2_2_axi_r_channel.sv" into library xil_defaultlib
INFO: [VRFC 10-311] analyzing module ddr4_v2_2_6_axi_r_channel
INFO: [VRFC 10-2263] Analyzing SystemVerilog file "/home/mdl/izo5011/IkennaWorkSpace/cnn_layer_accel/hardware/ip/xcvu37p-fsvh2892-2-e/ddr4_0_ex/ddr4_0_ex.srcs/sources_1/ip/ddr4_0/rtl/axi/ddr4_v2_2_axi_w_channel.sv" into library xil_defaultlib
INFO: [VRFC 10-311] analyzing module ddr4_v2_2_6_axi_w_channel
INFO: [VRFC 10-2263] Analyzing SystemVerilog file "/home/mdl/izo5011/IkennaWorkSpace/cnn_layer_accel/hardware/ip/xcvu37p-fsvh2892-2-e/ddr4_0_ex/ddr4_0_ex.srcs/sources_1/ip/ddr4_0/rtl/axi/ddr4_v2_2_axi_wr_cmd_fsm.sv" into library xil_defaultlib
INFO: [VRFC 10-311] analyzing module ddr4_v2_2_6_axi_wr_cmd_fsm
INFO: [VRFC 10-2263] Analyzing SystemVerilog file "/home/mdl/izo5011/IkennaWorkSpace/cnn_layer_accel/hardware/ip/xcvu37p-fsvh2892-2-e/ddr4_0_ex/ddr4_0_ex.srcs/sources_1/ip/ddr4_0/rtl/axi/ddr4_v2_2_axi_wrap_cmd.sv" into library xil_defaultlib
INFO: [VRFC 10-311] analyzing module ddr4_v2_2_6_axi_wrap_cmd
INFO: [VRFC 10-2263] Analyzing SystemVerilog file "/home/mdl/izo5011/IkennaWorkSpace/cnn_layer_accel/hardware/ip/xcvu37p-fsvh2892-2-e/ddr4_0_ex/ddr4_0_ex.srcs/sources_1/ip/ddr4_0/rtl/axi/ddr4_v2_2_a_upsizer.sv" into library xil_defaultlib
INFO: [VRFC 10-311] analyzing module ddr4_v2_2_6_a_upsizer
INFO: [VRFC 10-2263] Analyzing SystemVerilog file "/home/mdl/izo5011/IkennaWorkSpace/cnn_layer_accel/hardware/ip/xcvu37p-fsvh2892-2-e/ddr4_0_ex/ddr4_0_ex.srcs/sources_1/ip/ddr4_0/rtl/axi/ddr4_v2_2_axi.sv" into library xil_defaultlib
INFO: [VRFC 10-311] analyzing module ddr4_v2_2_6_axi
INFO: [VRFC 10-2263] Analyzing SystemVerilog file "/home/mdl/izo5011/IkennaWorkSpace/cnn_layer_accel/hardware/ip/xcvu37p-fsvh2892-2-e/ddr4_0_ex/ddr4_0_ex.srcs/sources_1/ip/ddr4_0/rtl/axi/ddr4_v2_2_axi_register_slice.sv" into library xil_defaultlib
INFO: [VRFC 10-311] analyzing module ddr4_v2_2_6_axi_register_slice
INFO: [VRFC 10-2263] Analyzing SystemVerilog file "/home/mdl/izo5011/IkennaWorkSpace/cnn_layer_accel/hardware/ip/xcvu37p-fsvh2892-2-e/ddr4_0_ex/ddr4_0_ex.srcs/sources_1/ip/ddr4_0/rtl/axi/ddr4_v2_2_axi_upsizer.sv" into library xil_defaultlib
INFO: [VRFC 10-311] analyzing module ddr4_v2_2_6_axi_upsizer
INFO: [VRFC 10-2263] Analyzing SystemVerilog file "/home/mdl/izo5011/IkennaWorkSpace/cnn_layer_accel/hardware/ip/xcvu37p-fsvh2892-2-e/ddr4_0_ex/ddr4_0_ex.srcs/sources_1/ip/ddr4_0/rtl/axi/ddr4_v2_2_axic_register_slice.sv" into library xil_defaultlib
INFO: [VRFC 10-311] analyzing module ddr4_v2_2_6_axic_register_slice
INFO: [VRFC 10-2263] Analyzing SystemVerilog file "/home/mdl/izo5011/IkennaWorkSpace/cnn_layer_accel/hardware/ip/xcvu37p-fsvh2892-2-e/ddr4_0_ex/ddr4_0_ex.srcs/sources_1/ip/ddr4_0/rtl/axi/ddr4_v2_2_carry_and.sv" into library xil_defaultlib
INFO: [VRFC 10-311] analyzing module ddr4_v2_2_6_carry_and
INFO: [VRFC 10-2263] Analyzing SystemVerilog file "/home/mdl/izo5011/IkennaWorkSpace/cnn_layer_accel/hardware/ip/xcvu37p-fsvh2892-2-e/ddr4_0_ex/ddr4_0_ex.srcs/sources_1/ip/ddr4_0/rtl/axi/ddr4_v2_2_carry_latch_and.sv" into library xil_defaultlib
INFO: [VRFC 10-311] analyzing module ddr4_v2_2_6_carry_latch_and
INFO: [VRFC 10-2263] Analyzing SystemVerilog file "/home/mdl/izo5011/IkennaWorkSpace/cnn_layer_accel/hardware/ip/xcvu37p-fsvh2892-2-e/ddr4_0_ex/ddr4_0_ex.srcs/sources_1/ip/ddr4_0/rtl/axi/ddr4_v2_2_carry_latch_or.sv" into library xil_defaultlib
INFO: [VRFC 10-311] analyzing module ddr4_v2_2_6_carry_latch_or
INFO: [VRFC 10-2263] Analyzing SystemVerilog file "/home/mdl/izo5011/IkennaWorkSpace/cnn_layer_accel/hardware/ip/xcvu37p-fsvh2892-2-e/ddr4_0_ex/ddr4_0_ex.srcs/sources_1/ip/ddr4_0/rtl/axi/ddr4_v2_2_carry_or.sv" into library xil_defaultlib
INFO: [VRFC 10-311] analyzing module ddr4_v2_2_6_carry_or
INFO: [VRFC 10-2263] Analyzing SystemVerilog file "/home/mdl/izo5011/IkennaWorkSpace/cnn_layer_accel/hardware/ip/xcvu37p-fsvh2892-2-e/ddr4_0_ex/ddr4_0_ex.srcs/sources_1/ip/ddr4_0/rtl/axi/ddr4_v2_2_command_fifo.sv" into library xil_defaultlib
INFO: [VRFC 10-311] analyzing module ddr4_v2_2_6_command_fifo
INFO: [VRFC 10-2263] Analyzing SystemVerilog file "/home/mdl/izo5011/IkennaWorkSpace/cnn_layer_accel/hardware/ip/xcvu37p-fsvh2892-2-e/ddr4_0_ex/ddr4_0_ex.srcs/sources_1/ip/ddr4_0/rtl/axi/ddr4_v2_2_comparator.sv" into library xil_defaultlib
INFO: [VRFC 10-311] analyzing module ddr4_v2_2_6_comparator
INFO: [VRFC 10-2263] Analyzing SystemVerilog file "/home/mdl/izo5011/IkennaWorkSpace/cnn_layer_accel/hardware/ip/xcvu37p-fsvh2892-2-e/ddr4_0_ex/ddr4_0_ex.srcs/sources_1/ip/ddr4_0/rtl/axi/ddr4_v2_2_comparator_sel.sv" into library xil_defaultlib
INFO: [VRFC 10-311] analyzing module ddr4_v2_2_6_comparator_sel
INFO: [VRFC 10-2263] Analyzing SystemVerilog file "/home/mdl/izo5011/IkennaWorkSpace/cnn_layer_accel/hardware/ip/xcvu37p-fsvh2892-2-e/ddr4_0_ex/ddr4_0_ex.srcs/sources_1/ip/ddr4_0/rtl/axi/ddr4_v2_2_comparator_sel_static.sv" into library xil_defaultlib
INFO: [VRFC 10-311] analyzing module ddr4_v2_2_6_comparator_sel_static
INFO: [VRFC 10-2263] Analyzing SystemVerilog file "/home/mdl/izo5011/IkennaWorkSpace/cnn_layer_accel/hardware/ip/xcvu37p-fsvh2892-2-e/ddr4_0_ex/ddr4_0_ex.srcs/sources_1/ip/ddr4_0/rtl/axi/ddr4_v2_2_r_upsizer.sv" into library xil_defaultlib
INFO: [VRFC 10-311] analyzing module ddr4_v2_2_6_r_upsizer
INFO: [VRFC 10-2263] Analyzing SystemVerilog file "/home/mdl/izo5011/IkennaWorkSpace/cnn_layer_accel/hardware/ip/xcvu37p-fsvh2892-2-e/ddr4_0_ex/ddr4_0_ex.srcs/sources_1/ip/ddr4_0/rtl/axi/ddr4_v2_2_w_upsizer.sv" into library xil_defaultlib
INFO: [VRFC 10-311] analyzing module ddr4_v2_2_6_w_upsizer
INFO: [VRFC 10-2263] Analyzing SystemVerilog file "/home/mdl/izo5011/IkennaWorkSpace/cnn_layer_accel/hardware/ip/xcvu37p-fsvh2892-2-e/ddr4_0_ex/ddr4_0_ex.srcs/sources_1/ip/ddr4_0/rtl/axi_ctrl/ddr4_v2_2_axi_ctrl_addr_decode.sv" into library xil_defaultlib
INFO: [VRFC 10-311] analyzing module ddr4_v2_2_6_axi_ctrl_addr_decode
INFO: [VRFC 10-2263] Analyzing SystemVerilog file "/home/mdl/izo5011/IkennaWorkSpace/cnn_layer_accel/hardware/ip/xcvu37p-fsvh2892-2-e/ddr4_0_ex/ddr4_0_ex.srcs/sources_1/ip/ddr4_0/rtl/axi_ctrl/ddr4_v2_2_axi_ctrl_read.sv" into library xil_defaultlib
INFO: [VRFC 10-311] analyzing module ddr4_v2_2_6_axi_ctrl_read
INFO: [VRFC 10-2263] Analyzing SystemVerilog file "/home/mdl/izo5011/IkennaWorkSpace/cnn_layer_accel/hardware/ip/xcvu37p-fsvh2892-2-e/ddr4_0_ex/ddr4_0_ex.srcs/sources_1/ip/ddr4_0/rtl/axi_ctrl/ddr4_v2_2_axi_ctrl_reg_bank.sv" into library xil_defaultlib
INFO: [VRFC 10-311] analyzing module ddr4_v2_2_6_axi_ctrl_reg_bank
INFO: [VRFC 10-2263] Analyzing SystemVerilog file "/home/mdl/izo5011/IkennaWorkSpace/cnn_layer_accel/hardware/ip/xcvu37p-fsvh2892-2-e/ddr4_0_ex/ddr4_0_ex.srcs/sources_1/ip/ddr4_0/rtl/axi_ctrl/ddr4_v2_2_axi_ctrl_reg.sv" into library xil_defaultlib
INFO: [VRFC 10-311] analyzing module ddr4_v2_2_6_axi_ctrl_reg
INFO: [VRFC 10-2263] Analyzing SystemVerilog file "/home/mdl/izo5011/IkennaWorkSpace/cnn_layer_accel/hardware/ip/xcvu37p-fsvh2892-2-e/ddr4_0_ex/ddr4_0_ex.srcs/sources_1/ip/ddr4_0/rtl/axi_ctrl/ddr4_v2_2_axi_ctrl_top.sv" into library xil_defaultlib
INFO: [VRFC 10-311] analyzing module ddr4_v2_2_6_axi_ctrl_top
INFO: [VRFC 10-2263] Analyzing SystemVerilog file "/home/mdl/izo5011/IkennaWorkSpace/cnn_layer_accel/hardware/ip/xcvu37p-fsvh2892-2-e/ddr4_0_ex/ddr4_0_ex.srcs/sources_1/ip/ddr4_0/rtl/axi_ctrl/ddr4_v2_2_axi_ctrl_write.sv" into library xil_defaultlib
INFO: [VRFC 10-311] analyzing module ddr4_v2_2_6_axi_ctrl_write
INFO: [VRFC 10-2263] Analyzing SystemVerilog file "/home/mdl/izo5011/IkennaWorkSpace/cnn_layer_accel/hardware/ip/xcvu37p-fsvh2892-2-e/ddr4_0_ex/ddr4_0_ex.srcs/sources_1/ip/ddr4_0/rtl/clocking/ddr4_v2_2_infrastructure.sv" into library xil_defaultlib
INFO: [VRFC 10-311] analyzing module ddr4_v2_2_6_infrastructure
INFO: [VRFC 10-2263] Analyzing SystemVerilog file "/home/mdl/izo5011/IkennaWorkSpace/cnn_layer_accel/hardware/ip/xcvu37p-fsvh2892-2-e/ddr4_0_ex/ddr4_0_ex.srcs/sources_1/ip/ddr4_0/rtl/cal/ddr4_v2_2_cal_xsdb_bram.sv" into library xil_defaultlib
INFO: [VRFC 10-311] analyzing module ddr4_v2_2_6_cal_xsdb_bram
INFO: [VRFC 10-2263] Analyzing SystemVerilog file "/home/mdl/izo5011/IkennaWorkSpace/cnn_layer_accel/hardware/ip/xcvu37p-fsvh2892-2-e/ddr4_0_ex/ddr4_0_ex.srcs/sources_1/ip/ddr4_0/rtl/cal/ddr4_v2_2_cal_write.sv" into library xil_defaultlib
INFO: [VRFC 10-311] analyzing module ddr4_v2_2_6_cal_write
INFO: [VRFC 10-2263] Analyzing SystemVerilog file "/home/mdl/izo5011/IkennaWorkSpace/cnn_layer_accel/hardware/ip/xcvu37p-fsvh2892-2-e/ddr4_0_ex/ddr4_0_ex.srcs/sources_1/ip/ddr4_0/rtl/cal/ddr4_v2_2_cal_wr_byte.sv" into library xil_defaultlib
INFO: [VRFC 10-311] analyzing module ddr4_v2_2_6_cal_wr_byte
INFO: [VRFC 10-2263] Analyzing SystemVerilog file "/home/mdl/izo5011/IkennaWorkSpace/cnn_layer_accel/hardware/ip/xcvu37p-fsvh2892-2-e/ddr4_0_ex/ddr4_0_ex.srcs/sources_1/ip/ddr4_0/rtl/cal/ddr4_v2_2_cal_wr_bit.sv" into library xil_defaultlib
INFO: [VRFC 10-311] analyzing module ddr4_v2_2_6_cal_wr_bit
INFO: [VRFC 10-2263] Analyzing SystemVerilog file "/home/mdl/izo5011/IkennaWorkSpace/cnn_layer_accel/hardware/ip/xcvu37p-fsvh2892-2-e/ddr4_0_ex/ddr4_0_ex.srcs/sources_1/ip/ddr4_0/rtl/cal/ddr4_v2_2_cal_sync.sv" into library xil_defaultlib
INFO: [VRFC 10-311] analyzing module ddr4_v2_2_6_cal_sync
INFO: [VRFC 10-2263] Analyzing SystemVerilog file "/home/mdl/izo5011/IkennaWorkSpace/cnn_layer_accel/hardware/ip/xcvu37p-fsvh2892-2-e/ddr4_0_ex/ddr4_0_ex.srcs/sources_1/ip/ddr4_0/rtl/cal/ddr4_v2_2_cal_read.sv" into library xil_defaultlib
INFO: [VRFC 10-311] analyzing module ddr4_v2_2_6_cal_read
INFO: [VRFC 10-2263] Analyzing SystemVerilog file "/home/mdl/izo5011/IkennaWorkSpace/cnn_layer_accel/hardware/ip/xcvu37p-fsvh2892-2-e/ddr4_0_ex/ddr4_0_ex.srcs/sources_1/ip/ddr4_0/rtl/cal/ddr4_v2_2_cal_rd_en.sv" into library xil_defaultlib
INFO: [VRFC 10-311] analyzing module ddr4_v2_2_6_cal_rd_en
INFO: [VRFC 10-2263] Analyzing SystemVerilog file "/home/mdl/izo5011/IkennaWorkSpace/cnn_layer_accel/hardware/ip/xcvu37p-fsvh2892-2-e/ddr4_0_ex/ddr4_0_ex.srcs/sources_1/ip/ddr4_0/rtl/cal/ddr4_v2_2_cal_pi.sv" into library xil_defaultlib
INFO: [VRFC 10-311] analyzing module ddr4_v2_2_6_cal_pi
INFO: [VRFC 10-2263] Analyzing SystemVerilog file "/home/mdl/izo5011/IkennaWorkSpace/cnn_layer_accel/hardware/ip/xcvu37p-fsvh2892-2-e/ddr4_0_ex/ddr4_0_ex.srcs/sources_1/ip/ddr4_0/rtl/cal/ddr4_v2_2_cal_mc_odt.sv" into library xil_defaultlib
INFO: [VRFC 10-311] analyzing module ddr4_v2_2_6_cal_mc_odt
INFO: [VRFC 10-2263] Analyzing SystemVerilog file "/home/mdl/izo5011/IkennaWorkSpace/cnn_layer_accel/hardware/ip/xcvu37p-fsvh2892-2-e/ddr4_0_ex/ddr4_0_ex.srcs/sources_1/ip/ddr4_0/rtl/cal/ddr4_v2_2_cal_debug_microblaze.sv" into library xil_defaultlib
INFO: [VRFC 10-311] analyzing module ddr4_v2_2_6_cal_debug_microblaze
INFO: [VRFC 10-2263] Analyzing SystemVerilog file "/home/mdl/izo5011/IkennaWorkSpace/cnn_layer_accel/hardware/ip/xcvu37p-fsvh2892-2-e/ddr4_0_ex/ddr4_0_ex.srcs/sources_1/ip/ddr4_0/rtl/cal/ddr4_v2_2_cal_cplx_data.sv" into library xil_defaultlib
INFO: [VRFC 10-311] analyzing module ddr4_v2_2_6_cal_cplx_data
INFO: [VRFC 10-2263] Analyzing SystemVerilog file "/home/mdl/izo5011/IkennaWorkSpace/cnn_layer_accel/hardware/ip/xcvu37p-fsvh2892-2-e/ddr4_0_ex/ddr4_0_ex.srcs/sources_1/ip/ddr4_0/rtl/cal/ddr4_v2_2_cal_cplx.sv" into library xil_defaultlib
INFO: [VRFC 10-311] analyzing module ddr4_v2_2_6_cal_cplx
INFO: [VRFC 10-2263] Analyzing SystemVerilog file "/home/mdl/izo5011/IkennaWorkSpace/cnn_layer_accel/hardware/ip/xcvu37p-fsvh2892-2-e/ddr4_0_ex/ddr4_0_ex.srcs/sources_1/ip/ddr4_0/rtl/cal/ddr4_v2_2_cal_config_rom.sv" into library xil_defaultlib
INFO: [VRFC 10-311] analyzing module ddr4_v2_2_6_cal_config_rom
INFO: [VRFC 10-2263] Analyzing SystemVerilog file "/home/mdl/izo5011/IkennaWorkSpace/cnn_layer_accel/hardware/ip/xcvu37p-fsvh2892-2-e/ddr4_0_ex/ddr4_0_ex.srcs/sources_1/ip/ddr4_0/rtl/cal/ddr4_v2_2_cal_addr_decode.sv" into library xil_defaultlib
INFO: [VRFC 10-311] analyzing module ddr4_v2_2_6_cal_addr_decode
INFO: [VRFC 10-2263] Analyzing SystemVerilog file "/home/mdl/izo5011/IkennaWorkSpace/cnn_layer_accel/hardware/ip/xcvu37p-fsvh2892-2-e/ddr4_0_ex/ddr4_0_ex.srcs/sources_1/ip/ddr4_0/rtl/cal/ddr4_v2_2_cal_top.sv" into library xil_defaultlib
INFO: [VRFC 10-311] analyzing module ddr4_v2_2_6_cal_top
INFO: [VRFC 10-2263] Analyzing SystemVerilog file "/home/mdl/izo5011/IkennaWorkSpace/cnn_layer_accel/hardware/ip/xcvu37p-fsvh2892-2-e/ddr4_0_ex/ddr4_0_ex.srcs/sources_1/ip/ddr4_0/rtl/cal/ddr4_v2_2_cal_xsdb_arbiter.sv" into library xil_defaultlib
INFO: [VRFC 10-311] analyzing module ddr4_v2_2_6_cal_xsdb_arbiter
INFO: [VRFC 10-2263] Analyzing SystemVerilog file "/home/mdl/izo5011/IkennaWorkSpace/cnn_layer_accel/hardware/ip/xcvu37p-fsvh2892-2-e/ddr4_0_ex/ddr4_0_ex.srcs/sources_1/ip/ddr4_0/rtl/cal/ddr4_v2_2_cal.sv" into library xil_defaultlib
INFO: [VRFC 10-311] analyzing module ddr4_v2_2_6_cal
INFO: [VRFC 10-2263] Analyzing SystemVerilog file "/home/mdl/izo5011/IkennaWorkSpace/cnn_layer_accel/hardware/ip/xcvu37p-fsvh2892-2-e/ddr4_0_ex/ddr4_0_ex.srcs/sources_1/ip/ddr4_0/rtl/cal/ddr4_v2_2_chipscope_xsdb_slave.sv" into library xil_defaultlib
INFO: [VRFC 10-311] analyzing module ddr4_v2_2_6_chipscope_xsdb_slave
INFO: [VRFC 10-2263] Analyzing SystemVerilog file "/home/mdl/izo5011/IkennaWorkSpace/cnn_layer_accel/hardware/ip/xcvu37p-fsvh2892-2-e/ddr4_0_ex/ddr4_0_ex.srcs/sources_1/ip/ddr4_0/rtl/cal/ddr4_v2_2_dp_AB9.sv" into library xil_defaultlib
INFO: [VRFC 10-311] analyzing module ddr4_v2_2_6_cfg_mem_mod
INFO: [VRFC 10-311] analyzing module ddr4_v2_2_6_bram_tdp
INFO: [VRFC 10-2263] Analyzing SystemVerilog file "/home/mdl/izo5011/IkennaWorkSpace/cnn_layer_accel/hardware/ip/xcvu37p-fsvh2892-2-e/ddr4_0_ex/ddr4_0_ex.srcs/sources_1/ip/ddr4_0/rtl/ip_top/ddr4_0.sv" into library xil_defaultlib
INFO: [VRFC 10-311] analyzing module ddr4_0
INFO: [VRFC 10-2263] Analyzing SystemVerilog file "/home/mdl/izo5011/IkennaWorkSpace/cnn_layer_accel/hardware/ip/xcvu37p-fsvh2892-2-e/ddr4_0_ex/ddr4_0_ex.srcs/sources_1/ip/ddr4_0/rtl/ip_top/ddr4_0_ddr4.sv" into library xil_defaultlib
INFO: [VRFC 10-311] analyzing module ddr4_0_ddr4
INFO: [VRFC 10-2263] Analyzing SystemVerilog file "/home/mdl/izo5011/IkennaWorkSpace/cnn_layer_accel/hardware/ip/xcvu37p-fsvh2892-2-e/ddr4_0_ex/ddr4_0_ex.srcs/sources_1/ip/ddr4_0/rtl/ip_top/ddr4_0_ddr4_mem_intfc.sv" into library xil_defaultlib
INFO: [VRFC 10-311] analyzing module ddr4_0_ddr4_mem_intfc
WARNING: [VRFC 10-2155] parameter declared inside generate block shall be treated as localparam [../../../../ddr4_0_ex.srcs/sources_1/ip/ddr4_0/rtl/ip_top/ddr4_v2_2_6_ddr4_assert.vh:942]
WARNING: [VRFC 10-2155] parameter declared inside generate block shall be treated as localparam [../../../../ddr4_0_ex.srcs/sources_1/ip/ddr4_0/rtl/ip_top/ddr4_v2_2_6_ddr4_assert.vh:943]
WARNING: [VRFC 10-2155] parameter declared inside generate block shall be treated as localparam [../../../../ddr4_0_ex.srcs/sources_1/ip/ddr4_0/rtl/ip_top/ddr4_v2_2_6_ddr4_assert.vh:944]
INFO: [VRFC 10-2263] Analyzing SystemVerilog file "/home/mdl/izo5011/IkennaWorkSpace/cnn_layer_accel/hardware/ip/xcvu37p-fsvh2892-2-e/ddr4_0_ex/ddr4_0_ex.srcs/sources_1/ip/ddr4_0/rtl/cal/ddr4_0_ddr4_cal_riu.sv" into library xil_defaultlib
INFO: [VRFC 10-311] analyzing module ddr4_0_ddr4_cal_riu
INFO: [VRFC 10-2263] Analyzing SystemVerilog file "/home/mdl/izo5011/IkennaWorkSpace/cnn_layer_accel/hardware/ip/xcvu37p-fsvh2892-2-e/ddr4_0_ex/ddr4_0_ex.srcs/sources_1/ip/ddr4_0/tb/microblaze_mcs_0.sv" into library xil_defaultlib
INFO: [VRFC 10-311] analyzing module ddr4_0_microblaze_mcs
WARNING: [VRFC 10-3609] overwriting previous definition of module 'ddr4_0_microblaze_mcs' [/home/mdl/izo5011/IkennaWorkSpace/cnn_layer_accel/hardware/ip/xcvu37p-fsvh2892-2-e/ddr4_0_ex/ddr4_0_ex.srcs/sources_1/ip/ddr4_0/tb/microblaze_mcs_0.sv:36]
INFO: [VRFC 10-311] analyzing module microblaze_mcs
INFO: [VRFC 10-2263] Analyzing SystemVerilog file "/home/mdl/izo5011/IkennaWorkSpace/cnn_layer_accel/hardware/ip/xcvu37p-fsvh2892-2-e/ddr4_0_ex/imports/arch_package.sv" into library xil_defaultlib
INFO: [VRFC 10-2263] Analyzing SystemVerilog file "/home/mdl/izo5011/IkennaWorkSpace/cnn_layer_accel/hardware/ip/xcvu37p-fsvh2892-2-e/ddr4_0_ex/imports/proj_package.sv" into library xil_defaultlib
INFO: [VRFC 10-2263] Analyzing SystemVerilog file "/home/mdl/izo5011/IkennaWorkSpace/cnn_layer_accel/hardware/ip/xcvu37p-fsvh2892-2-e/ddr4_0_ex/imports/ddr4_model.sv" into library xil_defaultlib
INFO: [VRFC 10-311] analyzing module StateTable
INFO: [VRFC 10-311] analyzing module ddr4_model
WARNING: [VRFC 10-2821] generate block is allowed only inside loop and conditional generate in SystemVerilog mode [/home/mdl/izo5011/IkennaWorkSpace/cnn_layer_accel/hardware/ip/xcvu37p-fsvh2892-2-e/ddr4_0_ex/imports/ddr4_model.sv:340]
WARNING: [VRFC 10-2821] generate block is allowed only inside loop and conditional generate in SystemVerilog mode [/home/mdl/izo5011/IkennaWorkSpace/cnn_layer_accel/hardware/ip/xcvu37p-fsvh2892-2-e/ddr4_0_ex/imports/ddr4_model.sv:1535]
WARNING: [VRFC 10-2821] generate block is allowed only inside loop and conditional generate in SystemVerilog mode [/home/mdl/izo5011/IkennaWorkSpace/cnn_layer_accel/hardware/ip/xcvu37p-fsvh2892-2-e/ddr4_0_ex/imports/ddr4_model.sv:1582]
INFO: [VRFC 10-2263] Analyzing SystemVerilog file "/home/mdl/izo5011/IkennaWorkSpace/cnn_layer_accel/hardware/ip/xcvu37p-fsvh2892-2-e/ddr4_0_ex/imports/ddr4_v2_2_axi_opcode_gen.sv" into library xil_defaultlib
INFO: [VRFC 10-311] analyzing module ddr4_v2_2_6_axi_opcode_gen
INFO: [VRFC 10-2263] Analyzing SystemVerilog file "/home/mdl/izo5011/IkennaWorkSpace/cnn_layer_accel/hardware/ip/xcvu37p-fsvh2892-2-e/ddr4_0_ex/imports/ddr4_v2_2_axi_tg_top.sv" into library xil_defaultlib
INFO: [VRFC 10-311] analyzing module ddr4_v2_2_6_axi_tg_top
INFO: [VRFC 10-2263] Analyzing SystemVerilog file "/home/mdl/izo5011/IkennaWorkSpace/cnn_layer_accel/hardware/ip/xcvu37p-fsvh2892-2-e/ddr4_0_ex/imports/ddr4_v2_2_axi_wrapper.sv" into library xil_defaultlib
INFO: [VRFC 10-311] analyzing module ddr4_v2_2_6_axi_wrapper
INFO: [VRFC 10-2263] Analyzing SystemVerilog file "/home/mdl/izo5011/IkennaWorkSpace/cnn_layer_accel/hardware/ip/xcvu37p-fsvh2892-2-e/ddr4_0_ex/imports/ddr4_v2_2_boot_mode_gen.sv" into library xil_defaultlib
INFO: [VRFC 10-311] analyzing module ddr4_v2_2_6_boot_mode_gen
INFO: [VRFC 10-2263] Analyzing SystemVerilog file "/home/mdl/izo5011/IkennaWorkSpace/cnn_layer_accel/hardware/ip/xcvu37p-fsvh2892-2-e/ddr4_0_ex/imports/ddr4_v2_2_custom_mode_gen.sv" into library xil_defaultlib
INFO: [VRFC 10-311] analyzing module ddr4_v2_2_6_custom_mode_gen
INFO: [VRFC 10-2263] Analyzing SystemVerilog file "/home/mdl/izo5011/IkennaWorkSpace/cnn_layer_accel/hardware/ip/xcvu37p-fsvh2892-2-e/ddr4_0_ex/imports/ddr4_v2_2_data_chk.sv" into library xil_defaultlib
INFO: [VRFC 10-311] analyzing module ddr4_v2_2_6_data_chk
INFO: [VRFC 10-2263] Analyzing SystemVerilog file "/home/mdl/izo5011/IkennaWorkSpace/cnn_layer_accel/hardware/ip/xcvu37p-fsvh2892-2-e/ddr4_0_ex/imports/ddr4_v2_2_data_gen.sv" into library xil_defaultlib
INFO: [VRFC 10-311] analyzing module ddr4_v2_2_6_data_gen
INFO: [VRFC 10-311] analyzing module prbs_data_gen
INFO: [VRFC 10-2263] Analyzing SystemVerilog file "/home/mdl/izo5011/IkennaWorkSpace/cnn_layer_accel/hardware/ip/xcvu37p-fsvh2892-2-e/ddr4_0_ex/imports/ddr4_v2_2_prbs_mode_gen.sv" into library xil_defaultlib
INFO: [VRFC 10-311] analyzing module ddr4_v2_2_6_prbs_mode_gen
INFO: [VRFC 10-2263] Analyzing SystemVerilog file "/home/mdl/izo5011/IkennaWorkSpace/cnn_layer_accel/hardware/ip/xcvu37p-fsvh2892-2-e/ddr4_0_ex/imports/example_top.sv" into library xil_defaultlib
INFO: [VRFC 10-311] analyzing module example_top
INFO: [VRFC 10-2263] Analyzing SystemVerilog file "/home/mdl/izo5011/IkennaWorkSpace/cnn_layer_accel/hardware/ip/xcvu37p-fsvh2892-2-e/ddr4_0_ex/imports/interface.sv" into library xil_defaultlib
INFO: [VRFC 10-2263] Analyzing SystemVerilog file "/home/mdl/izo5011/IkennaWorkSpace/cnn_layer_accel/hardware/ip/xcvu37p-fsvh2892-2-e/ddr4_0_ex/imports/sim_tb_top.sv" into library xil_defaultlib
INFO: [VRFC 10-311] analyzing module short
INFO: [VRFC 10-311] analyzing module sim_tb_top
INFO: [VRFC 10-2263] Analyzing Verilog file "/home/mdl/izo5011/IkennaWorkSpace/cnn_layer_accel/hardware/ip/xcvu37p-fsvh2892-2-e/ddr4_0_ex/ddr4_0_ex.sim/sim_1/behav/xsim/glbl.v" into library xil_defaultlib
INFO: [VRFC 10-311] analyzing module glbl
